2016-02-17 11:13:31	admin	http://church.markgoldsmith.me/admin/setup/field/	Error: 	Exception: SQLSTATE[HY000]: General error: 2006 MySQL server has gone away (in /home/cfbjvjkv/public_html/church/wire/core/Modules.php line 2292)  #0 /home/cfbjvjkv/public_html/church/wire/core/Modules.php(2292): PDOStatement->execute() #1 /home/cfbjvjkv/public_html/church/wire/core/Modules.php(2572): Modules->getModuleConfigData(Object(ProcessPageSearch)) #2 /home/cfbjvjkv/public_html/church/wire/core/Modules.php(447): Modules->setModuleConfigData(Object(ProcessPageSearch)) #3 /home/cfbjvjkv/public_html/church/wire/core/Modules.php(1033): Modules->initModule(Object(ProcessPageSearch), false) #4 /home/cfbjvjkv/public_html/church/wire/core/Modules.php(940): Modules->getModule('ProcessPageSear...') #5 /home/cfbjvjkv/public_html/church/wire/modules/AdminTheme/AdminThemeDefault/default.php(17): Modules->get('ProcessPageSear...') #6 /home/cfbjvjkv/public_html/church/wire/core/admin.php(149): require('/home/cfbjvjkv/...') #7 /home/cfbjvjkv/public_html/church/wire/modules/AdminTheme/AdminThemeDefault/controller.php(
2016-02-17 11:13:31	admin	http://church.markgoldsmith.me/http404/	Error: 	Exception: Table 'cfbjvjkv_church.ProcessRedirects_404s' doesn't exist (in /home/cfbjvjkv/public_html/church/wire/core/Database.php line 114)  #0 [internal function]: Database->query('INSERT INTO Pro...') #1 /home/cfbjvjkv/public_html/church/wire/core/DatabaseMysqli.php(38): call_user_func_array(Array, Array) #2 /home/cfbjvjkv/public_html/church/site/modules/ProcessRedirects/ProcessRedirects.module(331): DatabaseMysqli->__call('query', Array) #3 /home/cfbjvjkv/public_html/church/site/modules/ProcessRedirects/ProcessRedirects.module(331): DatabaseMysqli->query('INSERT INTO Pro...') #4 /home/cfbjvjkv/public_html/church/wire/core/Wire.php(459): ProcessRedirects->checkRedirects(Object(HookEvent)) #5 /home/cfbjvjkv/public_html/church/wire/core/Wire.php(333): Wire->runHooks('pageNotFound', Array) #6 /home/cfbjvjkv/public_html/church/wire/modules/Process/ProcessPageView.module(196): Wire->__call('pageNotFound', Array) #7 /home/cfbjvjkv/public_html/church/wire/modules/Process/ProcessPageView.module(196): ProcessPageV
2016-02-17 11:20:27	admin	http://church.markgoldsmith.me/admin/setup/field/	Error: 	Exception: SQLSTATE[HY000]: General error: 2006 MySQL server has gone away (in /home/cfbjvjkv/public_html/church/wire/core/Modules.php line 2292)  #0 /home/cfbjvjkv/public_html/church/wire/core/Modules.php(2292): PDOStatement->execute() #1 /home/cfbjvjkv/public_html/church/wire/core/Modules.php(2572): Modules->getModuleConfigData(Object(ProcessPageSearch)) #2 /home/cfbjvjkv/public_html/church/wire/core/Modules.php(447): Modules->setModuleConfigData(Object(ProcessPageSearch)) #3 /home/cfbjvjkv/public_html/church/wire/core/Modules.php(1033): Modules->initModule(Object(ProcessPageSearch), false) #4 /home/cfbjvjkv/public_html/church/wire/core/Modules.php(940): Modules->getModule('ProcessPageSear...') #5 /home/cfbjvjkv/public_html/church/wire/modules/AdminTheme/AdminThemeDefault/default.php(17): Modules->get('ProcessPageSear...') #6 /home/cfbjvjkv/public_html/church/wire/core/admin.php(149): require('/home/cfbjvjkv/...') #7 /home/cfbjvjkv/public_html/church/wire/modules/AdminTheme/AdminThemeDefault/controller.php(
2016-02-17 11:21:24	admin	http://church.markgoldsmith.me/admin/setup/field/	Error: 	Exception: SQLSTATE[HY000]: General error: 2006 MySQL server has gone away (in /home/cfbjvjkv/public_html/church/wire/core/Modules.php line 2292)  #0 /home/cfbjvjkv/public_html/church/wire/core/Modules.php(2292): PDOStatement->execute() #1 /home/cfbjvjkv/public_html/church/wire/core/Modules.php(2572): Modules->getModuleConfigData(Object(ProcessPageSearch)) #2 /home/cfbjvjkv/public_html/church/wire/core/Modules.php(447): Modules->setModuleConfigData(Object(ProcessPageSearch)) #3 /home/cfbjvjkv/public_html/church/wire/core/Modules.php(1033): Modules->initModule(Object(ProcessPageSearch), false) #4 /home/cfbjvjkv/public_html/church/wire/core/Modules.php(940): Modules->getModule('ProcessPageSear...') #5 /home/cfbjvjkv/public_html/church/wire/modules/AdminTheme/AdminThemeDefault/default.php(17): Modules->get('ProcessPageSear...') #6 /home/cfbjvjkv/public_html/church/wire/core/admin.php(149): require('/home/cfbjvjkv/...') #7 /home/cfbjvjkv/public_html/church/wire/modules/AdminTheme/AdminThemeDefault/controller.php(
2016-02-17 11:21:24	?	http://church.markgoldsmith.me/?/	Error: 	Exception: SQLSTATE[HY000]: General error: 2006 MySQL server has gone away (in /home/cfbjvjkv/public_html/church/wire/core/Pages.php line 2103)
2016-02-17 12:06:29	admin	http://church.markgoldsmith.me/admin/page/	Field does not exist: event_date_end
2016-04-18 15:49:31	admin	http://church.markgoldsmith.me/	Error: 	Class 'AIOM' not found (line 83 of /home/cfbjvjkv/public_html/church/site/templates/includes/head.inc)
2016-04-18 15:49:34	admin	http://church.markgoldsmith.me/	Error: 	Class 'AIOM' not found (line 83 of /home/cfbjvjkv/public_html/church/site/templates/includes/head.inc)
2016-04-18 15:50:28	guest	http://church.markgoldsmith.me/	Error: 	Call to a member function get() on a non-object (line 20 of /home/cfbjvjkv/public_html/church/site/templates/home.php)
2016-04-18 15:50:28	guest	http://church.markgoldsmith.me/	Error: 	Call to a member function get() on a non-object (line 20 of /home/cfbjvjkv/public_html/church/site/templates/home.php)
2016-04-18 15:50:28	guest	http://church.markgoldsmith.me/	Error: 	Call to a member function get() on a non-object (line 20 of /home/cfbjvjkv/public_html/church/site/templates/home.php)
2016-04-18 16:25:00	admin	http://church.markgoldsmith.me/sermons/	Error: 	Call to a member function first() on a non-object (line 38 of /home/cfbjvjkv/public_html/church/site/templates/series.php)
2016-04-18 16:25:28	admin	http://church.markgoldsmith.me/sermons/	Error: 	Call to a member function first() on a non-object (line 38 of /home/cfbjvjkv/public_html/church/site/templates/series.php)
2016-04-18 16:58:53	admin	http://church.markgoldsmith.me/sermons/	Error: 	Call to a member function first() on a non-object (line 38 of /home/cfbjvjkv/public_html/church/site/templates/series.php)
2016-04-19 09:27:51	guest	http://church.markgoldsmith.me/sermons/the-kings-last-week/the-return/	Error: 	Call to a member function first() on a non-object (line 119 of /home/cfbjvjkv/public_html/church/site/templates/media.php)
2016-04-19 09:27:51	admin	http://church.markgoldsmith.me/sermons/the-kings-last-week/the-return/	Error: 	Call to a member function first() on a non-object (line 119 of /home/cfbjvjkv/public_html/church/site/templates/media.php)
2016-04-19 09:27:51	guest	http://church.markgoldsmith.me/sermons/the-kings-last-week/the-return/	Error: 	Call to a member function first() on a non-object (line 119 of /home/cfbjvjkv/public_html/church/site/templates/media.php)
2016-04-19 09:28:33	admin	http://church.markgoldsmith.me/sermons/	Error: 	Call to a member function first() on a non-object (line 38 of /home/cfbjvjkv/public_html/church/site/templates/series.php)
2016-04-19 09:28:36	guest	http://church.markgoldsmith.me/sermons/the-kings-last-week/the-return/	Error: 	Call to a member function first() on a non-object (line 83 of /home/cfbjvjkv/public_html/church/site/templates/media.php)
2016-04-19 12:51:39	guest	http://church.markgoldsmith.me/blog/what-giving-does/	Error: 	Call to a member function size() on a non-object (line 12 of /home/cfbjvjkv/public_html/church/site/templates/post.php)
2016-04-19 12:51:40	admin	http://church.markgoldsmith.me/blog/what-giving-does/	Error: 	Call to a member function size() on a non-object (line 12 of /home/cfbjvjkv/public_html/church/site/templates/post.php)
2016-04-19 12:54:32	admin	http://church.markgoldsmith.me/blog/what-giving-does/	Error: 	Call to a member function size() on a non-object (line 12 of /home/cfbjvjkv/public_html/church/site/templates/post.php)
2016-04-19 12:54:34	admin	http://church.markgoldsmith.me/blog/what-giving-does/	Error: 	Call to a member function size() on a non-object (line 12 of /home/cfbjvjkv/public_html/church/site/templates/post.php)
2016-04-19 12:55:28	guest	http://church.markgoldsmith.me/blog/what-giving-does/	Error: 	Call to a member function size() on a non-object (line 12 of /home/cfbjvjkv/public_html/church/site/templates/post.php)
2016-04-19 12:55:28	guest	http://church.markgoldsmith.me/blog/what-giving-does/	Error: 	Call to a member function size() on a non-object (line 12 of /home/cfbjvjkv/public_html/church/site/templates/post.php)
2016-04-19 12:55:48	guest	http://church.markgoldsmith.me/blog/	Error: 	Exception: Field does not exist: message_recap (in /home/cfbjvjkv/public_html/church/wire/core/PageFinder.php line 538)
2016-04-19 12:55:48	admin	http://church.markgoldsmith.me/blog/	Error: 	Exception: Field does not exist: message_recap (in /home/cfbjvjkv/public_html/church/wire/core/PageFinder.php line 538)  #0 [internal function]: PageFinder->___getQuery(Object(Selectors), Array) #1 /home/cfbjvjkv/public_html/church/wire/core/Wire.php(398): call_user_func_array(Array, Array) #2 /home/cfbjvjkv/public_html/church/wire/core/Wire.php(333): Wire->runHooks('getQuery', Array) #3 /home/cfbjvjkv/public_html/church/wire/core/PageFinder.php(280): Wire->__call('getQuery', Array) #4 /home/cfbjvjkv/public_html/church/wire/core/PageFinder.php(280): PageFinder->getQuery(Object(Selectors), Array) #5 [internal function]: PageFinder->___find(Object(Selectors), Array) #6 /home/cfbjvjkv/public_html/church/wire/core/Wire.php(398): call_user_func_array(Array, Array) #7 /home/cfbjvjkv/public_html/church/wire/core/Wire.php(333): Wire->runHooks('find', Array) #8 /home/cfbjvjkv/public_html/church/wire/core/Pages.php(216): Wire->__call('find', Array) #9 /home/cfbjvjkv/public_html/church/wire/core/Pages.php(216): PageFind
2016-04-19 12:55:49	guest	http://church.markgoldsmith.me/blog/	Error: 	Exception: Field does not exist: message_recap (in /home/cfbjvjkv/public_html/church/wire/core/PageFinder.php line 538)
2016-04-19 13:05:37	admin	http://church.markgoldsmith.me/	Error: 	Call to a member function first() on a non-object (line 308 of /home/cfbjvjkv/public_html/church/site/templates/home.php)
2016-04-19 13:10:07	guest	http://church.markgoldsmith.me/blog/author/	Parse Error: 	syntax error, unexpected '=' (line 22 of /home/cfbjvjkv/public_html/church/site/templates/blog-author.php)
2016-04-19 13:10:08	admin	http://church.markgoldsmith.me/blog/author/	Parse Error: 	syntax error, unexpected '=' (line 22 of /home/cfbjvjkv/public_html/church/site/templates/blog-author.php)
2016-04-19 13:26:37	guest	http://church.markgoldsmith.me/sermons/the-kings-last-week/	Error: 	Call to a member function shorten() on a non-object (line 261 of /home/cfbjvjkv/public_html/church/site/templates/series.php)
2016-04-19 13:26:38	admin	http://church.markgoldsmith.me/sermons/the-kings-last-week/	Error: 	Call to a member function shorten() on a non-object (line 261 of /home/cfbjvjkv/public_html/church/site/templates/series.php)
2016-04-19 13:26:38	guest	http://church.markgoldsmith.me/sermons/the-kings-last-week/	Error: 	Call to a member function shorten() on a non-object (line 261 of /home/cfbjvjkv/public_html/church/site/templates/series.php)
2016-04-19 13:28:22	admin	http://church.markgoldsmith.me/sermons/	Error: 	Call to a member function first() on a non-object (line 38 of /home/cfbjvjkv/public_html/church/site/templates/series.php)
2016-04-19 13:29:57	guest	http://church.markgoldsmith.me/sermons/	Error: 	Call to a member function size() on a non-object (line 38 of /home/cfbjvjkv/public_html/church/site/templates/series.php)
2016-04-19 13:29:57	guest	http://church.markgoldsmith.me/sermons/	Error: 	Call to a member function size() on a non-object (line 38 of /home/cfbjvjkv/public_html/church/site/templates/series.php)
2016-04-20 11:47:11	guest	http://church.markgoldsmith.me/events/christmas-eve/	Error: 	Call to a member function shorten() on a non-object (line 63 of /home/cfbjvjkv/public_html/church/site/templates/event.php)
2016-04-20 11:47:12	admin	http://church.markgoldsmith.me/events/christmas-eve/	Error: 	Call to a member function shorten() on a non-object (line 63 of /home/cfbjvjkv/public_html/church/site/templates/event.php)
2016-04-20 11:47:12	guest	http://church.markgoldsmith.me/events/christmas-eve/	Error: 	Call to a member function shorten() on a non-object (line 63 of /home/cfbjvjkv/public_html/church/site/templates/event.php)
2016-04-20 11:49:17	admin	http://church.markgoldsmith.me/events/	Error: 	Class 'Julian' not found (line 102 of /home/cfbjvjkv/public_html/church/site/templates/event-list.php)
2016-04-20 11:49:51	guest	http://church.markgoldsmith.me/events/	Error: 	Class 'Julian' not found (line 102 of /home/cfbjvjkv/public_html/church/site/templates/event-list.php)
2016-04-20 11:49:51	admin	http://church.markgoldsmith.me/events/	Error: 	Class 'Julian' not found (line 102 of /home/cfbjvjkv/public_html/church/site/templates/event-list.php)
2016-04-20 11:50:22	admin	http://church.markgoldsmith.me/events/	Error: 	Class 'Julian' not found (line 73 of /home/cfbjvjkv/public_html/church/site/templates/event-list.php)
2016-04-20 11:50:50	admin	http://church.markgoldsmith.me/events/	Error: 	Class 'Julian' not found (line 73 of /home/cfbjvjkv/public_html/church/site/templates/event-list.php)
2016-04-20 11:51:18	admin	http://church.markgoldsmith.me/events/	Error: 	Class 'Julian' not found (line 73 of /home/cfbjvjkv/public_html/church/site/templates/event-list.php)
2016-04-20 11:51:45	admin	http://church.markgoldsmith.me/events/	Parse Error: 	syntax error, unexpected ';' (line 19 of /home/cfbjvjkv/public_html/church/site/templates/event-list.php)
2016-04-20 11:51:53	admin	http://church.markgoldsmith.me/events/	Error: 	Class 'Julian' not found (line 75 of /home/cfbjvjkv/public_html/church/site/templates/event-list.php)
2016-04-20 11:52:31	guest	http://church.markgoldsmith.me/events/	Error: 	Class 'Julian' not found (line 19 of /home/cfbjvjkv/public_html/church/site/templates/event-list.php)
2016-04-20 11:52:31	guest	http://church.markgoldsmith.me/events/	Error: 	Class 'Julian' not found (line 75 of /home/cfbjvjkv/public_html/church/site/templates/event-list.php)
2016-04-20 11:52:31	guest	http://church.markgoldsmith.me/events/	Error: 	Class 'Julian' not found (line 75 of /home/cfbjvjkv/public_html/church/site/templates/event-list.php)
2016-04-20 11:52:31	guest	http://church.markgoldsmith.me/events/	Error: 	Class 'Julian' not found (line 75 of /home/cfbjvjkv/public_html/church/site/templates/event-list.php)
2016-04-20 11:52:31	guest	http://church.markgoldsmith.me/events/	Error: 	Class 'Julian' not found (line 75 of /home/cfbjvjkv/public_html/church/site/templates/event-list.php)
2016-04-20 11:52:32	admin	http://church.markgoldsmith.me/events/	Error: 	Class 'Julian' not found (line 19 of /home/cfbjvjkv/public_html/church/site/templates/event-list.php)
2016-04-20 14:00:46	admin	http://church.markgoldsmith.me/about/staff/	Error: 	Call to a member function first() on a non-object (line 35 of /home/cfbjvjkv/public_html/church/site/templates/staff-list.php)
2016-04-20 14:02:14	guest	http://church.markgoldsmith.me/about/staff/susan-parker/	Error: 	Call to a member function first() on a non-object (line 29 of /home/cfbjvjkv/public_html/church/site/templates/staff-detail.php)
2016-04-20 14:02:15	admin	http://church.markgoldsmith.me/about/staff/susan-parker/	Error: 	Call to a member function first() on a non-object (line 29 of /home/cfbjvjkv/public_html/church/site/templates/staff-detail.php)
2016-04-20 14:02:15	guest	http://church.markgoldsmith.me/about/staff/susan-parker/	Error: 	Call to a member function first() on a non-object (line 29 of /home/cfbjvjkv/public_html/church/site/templates/staff-detail.php)
2016-04-20 14:27:39	guest	http://church.markgoldsmith.me/serve/childrens-ministry/	Error: 	Call to a member function connect() on a non-object (line 18 of /home/cfbjvjkv/public_html/church/site/templates/serve-application.php)
2016-04-20 14:27:39	admin	http://church.markgoldsmith.me/serve/childrens-ministry/	Error: 	Call to a member function connect() on a non-object (line 18 of /home/cfbjvjkv/public_html/church/site/templates/serve-application.php)
2016-04-20 14:31:30	guest	http://church.markgoldsmith.me/serve/parking-lot-attendants/	Parse Error: 	syntax error, unexpected '}' (line 184 of /home/cfbjvjkv/public_html/church/site/templates/serve-application.php)
2016-04-20 14:31:30	admin	http://church.markgoldsmith.me/serve/parking-lot-attendants/	Parse Error: 	syntax error, unexpected '}' (line 184 of /home/cfbjvjkv/public_html/church/site/templates/serve-application.php)
2016-04-20 14:43:06	guest	http://church.markgoldsmith.me/search/	Error: 	Exception: SQLSTATE[42000]: Syntax error or access violation: 1142 INSERT command denied to user 'cfbjvjkv_mark'@'localhost' for table 'search_history' (in /home/cfbjvjkv/public_html/church/wire/core/WireDatabasePDO.php line 140)
2016-04-20 14:43:06	admin	http://church.markgoldsmith.me/search/	Error: 	Exception: SQLSTATE[42000]: Syntax error or access violation: 1142 INSERT command denied to user 'cfbjvjkv_mark'@'localhost' for table 'search_history' (in /home/cfbjvjkv/public_html/church/wire/core/WireDatabasePDO.php line 140)  #0 /home/cfbjvjkv/public_html/church/wire/core/WireDatabasePDO.php(140): PDO->query('INSERT INTO cha...') #1 /home/cfbjvjkv/public_html/church/site/templates/search.php(69): WireDatabasePDO->query('INSERT INTO cha...') #2 /home/cfbjvjkv/public_html/church/wire/core/TemplateFile.php(182): require('/home/cfbjvjkv/...') #3 [internal function]: TemplateFile->___render() #4 /home/cfbjvjkv/public_html/church/wire/core/Wire.php(398): call_user_func_array(Array, Array) #5 /home/cfbjvjkv/public_html/church/wire/core/Wire.php(333): Wire->runHooks('render', Array) #6 /home/cfbjvjkv/public_html/church/wire/modules/PageRender.module(422): Wire->__call('render', Array) #7 /home/cfbjvjkv/public_html/church/wire/modules/PageRender.module(422): TemplateFile->render() #8 [internal function]: PageRend
2016-04-20 14:43:07	guest	http://church.markgoldsmith.me/search/	Error: 	Exception: SQLSTATE[42000]: Syntax error or access violation: 1142 INSERT command denied to user 'cfbjvjkv_mark'@'localhost' for table 'search_history' (in /home/cfbjvjkv/public_html/church/wire/core/WireDatabasePDO.php line 140)
2016-04-20 14:54:17	guest	http://church.markgoldsmith.me/media/speakers/pastor-jerry-gillis/	Error: 	Call to a member function first() on a non-object (line 32 of /home/cfbjvjkv/public_html/church/site/templates/markup/media/archive.php)
2016-04-20 14:54:17	admin	http://church.markgoldsmith.me/media/speakers/pastor-jerry-gillis/	Error: 	Call to a member function first() on a non-object (line 32 of /home/cfbjvjkv/public_html/church/site/templates/markup/media/archive.php)
2016-04-20 14:54:17	guest	http://church.markgoldsmith.me/media/speakers/pastor-jerry-gillis/	Error: 	Call to a member function first() on a non-object (line 32 of /home/cfbjvjkv/public_html/church/site/templates/markup/media/archive.php)
2019-09-16 20:20:56	admin	http://localhost:8080/admin/page/	SQLSTATE[HY000]: General error: 1525 Incorrect DATETIME value: ''
2019-09-16 21:59:21	guest	http://localhost:8080/	SQLSTATE[HY000]: General error: 1525 Incorrect DATETIME value: ''
2019-09-16 23:03:40	guest	http://localhost:8080/	SQLSTATE[HY000]: General error: 1525 Incorrect DATETIME value: ''
2019-09-16 23:25:23	admin	http://localhost:8080/admin/page/edit/	Error: 	Cannot declare class Julian, because the name is already in use (line 13 of /Applications/mampstack/apache2/htdocs/site/modules/LibJulian/julian/Julian.php)
2019-09-16 23:27:35	admin	http://localhost:8080/admin/setup/template/	Error: 	Cannot declare class Julian, because the name is already in use (line 13 of /Applications/mampstack/apache2/htdocs/site/modules/LibJulian/julian/Julian.php)
2019-09-16 23:27:48	admin	http://localhost:8080/admin/setup/template/	Error: 	Cannot declare class Julian, because the name is already in use (line 13 of /Applications/mampstack/apache2/htdocs/site/modules/LibJulian/julian/Julian.php)
2019-09-16 23:47:48	admin	http://localhost:8080/admin/setup/template/	Error: 	Cannot declare class Julian, because the name is already in use (line 13 of /Applications/mampstack/apache2/htdocs/site/modules/LibJulian/julian/Julian.php)
2019-09-17 00:01:49	guest	http://localhost:8080/events/	Error: 	Uncaught Error: Class 'Julian' not found in /Applications/mampstack/apache2/htdocs/site/templates/event-list.php:74 Stack trace: #0 /Applications/mampstack/apache2/htdocs/wire/core/TemplateFile.php(182): require() #1 /Applications/mampstack/apache2/htdocs/wire/core/Wire.php(398): TemplateFile->___render() #2 /Applications/mampstack/apache2/htdocs/wire/core/Wire.php(333): Wire->runHooks('render', Array) #3 /Applications/mampstack/apache2/htdocs/wire/modules/PageRender.module(422): Wire->__call('render', Array) #4 /Applications/mampstack/apache2/htdocs/wire/core/Wire.php(398): PageRender->___renderPage(Object(HookEvent)) #5 /Applications/mampstack/apache2/htdocs/wire/core/Wire.php(333): Wire->runHooks('renderPage', Array) #6 /Applications/mampstack/apache2/htdocs/wire/core/Wire.php(459): Wire->__call('renderPage', Array) #7 /Applications/mampstack/apache2/htdocs/wire/core/Wire.php(333): Wire->runHooks('render', Array) #8 /Applications/mampstack/apache2/htdocs/wire/modules/Process/ProcessPageView.module(187): Wi (line 74 of /Applications/mampstack/apache2/htdocs/site/templates/event-list.php)
2019-09-17 00:03:42	admin	http://localhost:8080/ministries/life-groups/	SQLSTATE[HY000]: General error: 1525 Incorrect DATETIME value: ''
2019-09-17 07:05:18	guest	http://localhost:8080/admin/login/	SQLSTATE[HY000]: General error: 1525 Incorrect DATETIME value: ''
2019-09-17 10:34:15	guest	http://localhost:8080/	SQLSTATE[HY000]: General error: 1525 Incorrect DATETIME value: ''
2019-09-17 10:36:50	guest	http://localhost:8080/events/	Error: 	Uncaught Error: Class 'Julian' not found in /Applications/mampstack/apache2/htdocs/site/templates/event-list.php:74 Stack trace: #0 /Applications/mampstack/apache2/htdocs/wire/core/TemplateFile.php(182): require() #1 /Applications/mampstack/apache2/htdocs/wire/core/Wire.php(398): TemplateFile->___render() #2 /Applications/mampstack/apache2/htdocs/wire/core/Wire.php(333): Wire->runHooks('render', Array) #3 /Applications/mampstack/apache2/htdocs/wire/modules/PageRender.module(422): Wire->__call('render', Array) #4 /Applications/mampstack/apache2/htdocs/wire/core/Wire.php(398): PageRender->___renderPage(Object(HookEvent)) #5 /Applications/mampstack/apache2/htdocs/wire/core/Wire.php(333): Wire->runHooks('renderPage', Array) #6 /Applications/mampstack/apache2/htdocs/wire/core/Wire.php(459): Wire->__call('renderPage', Array) #7 /Applications/mampstack/apache2/htdocs/wire/core/Wire.php(333): Wire->runHooks('render', Array) #8 /Applications/mampstack/apache2/htdocs/wire/modules/Process/ProcessPageView.module(187): Wi (line 74 of /Applications/mampstack/apache2/htdocs/site/templates/event-list.php)
2019-09-17 13:37:36	admin	http://localhost:8080/admin/setup/template/	SQLSTATE[HY000]: General error: 1525 Incorrect DATETIME value: ''
2019-09-17 14:37:36	admin	http://localhost:8080/admin/page/edit/?id=1054	SQLSTATE[HY000]: General error: 1525 Incorrect DATETIME value: ''
2019-09-17 14:45:09	guest	http://localhost:8080/events/	Error: 	Uncaught Error: Class 'Julian' not found in /Applications/mampstack/apache2/htdocs/site/templates/event-list.php:74 Stack trace: #0 /Applications/mampstack/apache2/htdocs/wire/core/TemplateFile.php(182): require() #1 /Applications/mampstack/apache2/htdocs/wire/core/Wire.php(398): TemplateFile->___render() #2 /Applications/mampstack/apache2/htdocs/wire/core/Wire.php(333): Wire->runHooks('render', Array) #3 /Applications/mampstack/apache2/htdocs/wire/modules/PageRender.module(422): Wire->__call('render', Array) #4 /Applications/mampstack/apache2/htdocs/wire/core/Wire.php(398): PageRender->___renderPage(Object(HookEvent)) #5 /Applications/mampstack/apache2/htdocs/wire/core/Wire.php(333): Wire->runHooks('renderPage', Array) #6 /Applications/mampstack/apache2/htdocs/wire/core/Wire.php(459): Wire->__call('renderPage', Array) #7 /Applications/mampstack/apache2/htdocs/wire/core/Wire.php(333): Wire->runHooks('render', Array) #8 /Applications/mampstack/apache2/htdocs/wire/modules/Process/ProcessPageView.module(187): Wi (line 74 of /Applications/mampstack/apache2/htdocs/site/templates/event-list.php)
2019-09-17 15:06:10	admin	http://localhost:8080/admin/page/edit/	Error: 	Cannot declare class Julian, because the name is already in use (line 13 of /Applications/mampstack/apache2/htdocs/site/modules/LibJulian/julian/Julian.php)
2019-09-17 15:10:55	admin	http://localhost:8080/admin/page/edit/	Error: 	Cannot declare class Julian, because the name is already in use (line 13 of /Applications/mampstack/apache2/htdocs/site/modules/LibJulian/julian/Julian.php)
2019-09-17 15:23:37	guest	http://localhost:8080/	Parse Error: 	syntax error, unexpected 'nav' (T_STRING), expecting ';' (line 63 of /Applications/mampstack/apache2/htdocs/site/templates/includes/topnav.inc)
2019-09-17 16:04:14	guest	http://localhost:8080/	SQLSTATE[HY000]: General error: 1525 Incorrect DATETIME value: ''
2019-09-17 20:39:52	guest	http://localhost:8080/	SQLSTATE[HY000]: General error: 1525 Incorrect DATETIME value: ''
2019-09-17 21:51:58	guest	http://localhost:8080/	SQLSTATE[HY000]: General error: 1525 Incorrect DATETIME value: ''
2019-09-17 22:22:34	guest	http://localhost:8080/	Parse Error: 	syntax error, unexpected '}', expecting end of file (line 348 of /Applications/mampstack/apache2/htdocs/site/thursdaychurch/includes/head.inc)
2019-09-17 22:32:16	guest	http://localhost:8080/	Parse Error: 	syntax error, unexpected ')', expecting end of file (line 125 of /Applications/mampstack/apache2/htdocs/site/thursdaychurch/includes/head.inc)
2019-09-17 22:53:22	guest	http://localhost:8080/	SQLSTATE[HY000]: General error: 1525 Incorrect DATETIME value: ''
2019-09-18 00:03:57	admin	http://localhost:8080/admin/page/edit/?id=1&s=1	SQLSTATE[HY000]: General error: 1525 Incorrect DATETIME value: ''
2019-09-18 00:41:22	guest	http://localhost:8080/	Parse Error: 	syntax error, unexpected ''css2/font-awesome.min.css'' (T_CONSTANT_ENCAPSED_STRING), expecting ')' (line 132 of /Applications/mampstack/apache2/htdocs/site/thursdaychurch/includes/head.inc)
2019-09-18 01:24:06	guest	http://localhost:8080/	SQLSTATE[HY000]: General error: 1525 Incorrect DATETIME value: ''
2019-09-18 07:31:16	guest	http://localhost:8080/about/staff/	SQLSTATE[HY000]: General error: 1525 Incorrect DATETIME value: ''
2019-09-18 08:33:34	admin	http://localhost:8080/admin/page/edit/?id=1093&s=1	SQLSTATE[HY000]: General error: 1525 Incorrect DATETIME value: ''
2019-09-18 09:36:18	?	http://192.168.1.100:8080/?/	Error: 	Exception: SQLSTATE[HY000] [2002] No such file or directory (in /Applications/mampstack/apache2/htdocs/wire/core/ProcessWire.php line 216)
2019-09-18 09:40:02	?	http://192.168.1.100:8080/?/	Error: 	Exception: SQLSTATE[HY000] [2002] No such file or directory (in /Applications/mampstack/apache2/htdocs/wire/core/ProcessWire.php line 216)
2019-09-18 09:48:47	guest	http://192.168.1.100:8080/	SQLSTATE[HY000]: General error: 1525 Incorrect DATETIME value: ''
2019-09-18 10:54:05	guest	http://192.168.1.100:8080/about/staff/	SQLSTATE[HY000]: General error: 1525 Incorrect DATETIME value: ''
2019-09-18 14:49:55	guest	http://192.168.1.100:8080/devotionals/	SQLSTATE[HY000]: General error: 1525 Incorrect DATETIME value: ''
2019-09-18 14:55:14	admin	http://192.168.1.100:8080/admin/module/	Error: 	Cannot declare class Julian, because the name is already in use (line 13 of /Applications/mampstack/apache2/htdocs/site/modules/LibJulian/julian/Julian.php)
2019-09-18 14:55:44	admin	http://192.168.1.100:8080/admin/module/	Error: 	Cannot declare class Julian, because the name is already in use (line 13 of /Applications/mampstack/apache2/htdocs/site/modules/LibJulian/julian/Julian.php)
2019-09-18 14:57:52	guest	http://192.168.1.100:8080/events/calendar/	Error: 	Uncaught Error: Class 'Julian' not found in /Applications/mampstack/apache2/htdocs/site/thursdaychurch/event-calendar.php:54 Stack trace: #0 /Applications/mampstack/apache2/htdocs/wire/core/TemplateFile.php(182): require() #1 /Applications/mampstack/apache2/htdocs/wire/core/Wire.php(398): TemplateFile->___render() #2 /Applications/mampstack/apache2/htdocs/wire/core/Wire.php(333): Wire->runHooks('render', Array) #3 /Applications/mampstack/apache2/htdocs/wire/modules/PageRender.module(422): Wire->__call('render', Array) #4 /Applications/mampstack/apache2/htdocs/wire/core/Wire.php(398): PageRender->___renderPage(Object(HookEvent)) #5 /Applications/mampstack/apache2/htdocs/wire/core/Wire.php(333): Wire->runHooks('renderPage', Array) #6 /Applications/mampstack/apache2/htdocs/wire/core/Wire.php(459): Wire->__call('renderPage', Array) #7 /Applications/mampstack/apache2/htdocs/wire/core/Wire.php(333): Wire->runHooks('render', Array) #8 /Applications/mampstack/apache2/htdocs/wire/modules/Process/ProcessPageView.module (line 54 of /Applications/mampstack/apache2/htdocs/site/thursdaychurch/event-calendar.php)
2019-09-18 14:58:41	admin	http://192.168.1.100:8080/admin/module/	Error: 	Cannot declare class Julian, because the name is already in use (line 13 of /Applications/mampstack/apache2/htdocs/site/modules/LibJulian/julian/Julian.php)
2019-09-18 14:58:44	admin	http://192.168.1.100:8080/admin/module/	Error: 	Cannot declare class Julian, because the name is already in use (line 13 of /Applications/mampstack/apache2/htdocs/site/modules/LibJulian/julian/Julian.php)
2019-09-18 14:59:57	admin	http://192.168.1.100:8080/admin/page/edit/	Error: 	Cannot declare class Julian, because the name is already in use (line 13 of /Applications/mampstack/apache2/htdocs/site/modules/LibJulian/julian/Julian.php)
2019-09-18 15:00:01	admin	http://192.168.1.100:8080/admin/page/edit/	Error: 	Cannot declare class Julian, because the name is already in use (line 13 of /Applications/mampstack/apache2/htdocs/site/modules/LibJulian/julian/Julian.php)
2019-09-18 15:00:17	admin	http://192.168.1.100:8080/admin/page/edit/	Error: 	Cannot declare class Julian, because the name is already in use (line 13 of /Applications/mampstack/apache2/htdocs/site/modules/LibJulian/julian/Julian.php)
2019-09-18 15:03:36	admin	http://192.168.1.100:8080/admin/page/edit/	Error: 	Cannot declare class Julian_calendar, because the name is already in use (line 13 of /Applications/mampstack/apache2/htdocs/site/modules/LibJulian/julian/Julian.php)
2019-09-18 15:03:57	guest	http://192.168.1.100:8080/events/calendar/	Error: 	Uncaught Error: Class 'Julian' not found in /Applications/mampstack/apache2/htdocs/site/thursdaychurch/event-calendar.php:54 Stack trace: #0 /Applications/mampstack/apache2/htdocs/wire/core/TemplateFile.php(182): require() #1 /Applications/mampstack/apache2/htdocs/wire/core/Wire.php(398): TemplateFile->___render() #2 /Applications/mampstack/apache2/htdocs/wire/core/Wire.php(333): Wire->runHooks('render', Array) #3 /Applications/mampstack/apache2/htdocs/wire/modules/PageRender.module(422): Wire->__call('render', Array) #4 /Applications/mampstack/apache2/htdocs/wire/core/Wire.php(398): PageRender->___renderPage(Object(HookEvent)) #5 /Applications/mampstack/apache2/htdocs/wire/core/Wire.php(333): Wire->runHooks('renderPage', Array) #6 /Applications/mampstack/apache2/htdocs/wire/core/Wire.php(459): Wire->__call('renderPage', Array) #7 /Applications/mampstack/apache2/htdocs/wire/core/Wire.php(333): Wire->runHooks('render', Array) #8 /Applications/mampstack/apache2/htdocs/wire/modules/Process/ProcessPageView.module (line 54 of /Applications/mampstack/apache2/htdocs/site/thursdaychurch/event-calendar.php)
2019-09-18 15:04:02	guest	http://192.168.1.100:8080/events/calendar/	Error: 	Uncaught Error: Class 'Julian' not found in /Applications/mampstack/apache2/htdocs/site/thursdaychurch/event-calendar.php:54 Stack trace: #0 /Applications/mampstack/apache2/htdocs/wire/core/TemplateFile.php(182): require() #1 /Applications/mampstack/apache2/htdocs/wire/core/Wire.php(398): TemplateFile->___render() #2 /Applications/mampstack/apache2/htdocs/wire/core/Wire.php(333): Wire->runHooks('render', Array) #3 /Applications/mampstack/apache2/htdocs/wire/modules/PageRender.module(422): Wire->__call('render', Array) #4 /Applications/mampstack/apache2/htdocs/wire/core/Wire.php(398): PageRender->___renderPage(Object(HookEvent)) #5 /Applications/mampstack/apache2/htdocs/wire/core/Wire.php(333): Wire->runHooks('renderPage', Array) #6 /Applications/mampstack/apache2/htdocs/wire/core/Wire.php(459): Wire->__call('renderPage', Array) #7 /Applications/mampstack/apache2/htdocs/wire/core/Wire.php(333): Wire->runHooks('render', Array) #8 /Applications/mampstack/apache2/htdocs/wire/modules/Process/ProcessPageView.module (line 54 of /Applications/mampstack/apache2/htdocs/site/thursdaychurch/event-calendar.php)
2019-09-18 15:04:05	guest	http://192.168.1.100:8080/events/	Error: 	Uncaught Error: Class 'Julian' not found in /Applications/mampstack/apache2/htdocs/site/thursdaychurch/event-list.php:74 Stack trace: #0 /Applications/mampstack/apache2/htdocs/wire/core/TemplateFile.php(182): require() #1 /Applications/mampstack/apache2/htdocs/wire/core/Wire.php(398): TemplateFile->___render() #2 /Applications/mampstack/apache2/htdocs/wire/core/Wire.php(333): Wire->runHooks('render', Array) #3 /Applications/mampstack/apache2/htdocs/wire/modules/PageRender.module(422): Wire->__call('render', Array) #4 /Applications/mampstack/apache2/htdocs/wire/core/Wire.php(398): PageRender->___renderPage(Object(HookEvent)) #5 /Applications/mampstack/apache2/htdocs/wire/core/Wire.php(333): Wire->runHooks('renderPage', Array) #6 /Applications/mampstack/apache2/htdocs/wire/core/Wire.php(459): Wire->__call('renderPage', Array) #7 /Applications/mampstack/apache2/htdocs/wire/core/Wire.php(333): Wire->runHooks('render', Array) #8 /Applications/mampstack/apache2/htdocs/wire/modules/Process/ProcessPageView.module(187 (line 74 of /Applications/mampstack/apache2/htdocs/site/thursdaychurch/event-list.php)
2019-09-18 15:04:21	guest	http://192.168.1.100:8080/events/	Error: 	Uncaught Error: Class 'Julian' not found in /Applications/mampstack/apache2/htdocs/site/thursdaychurch/event-list.php:74 Stack trace: #0 /Applications/mampstack/apache2/htdocs/wire/core/TemplateFile.php(182): require() #1 /Applications/mampstack/apache2/htdocs/wire/core/Wire.php(398): TemplateFile->___render() #2 /Applications/mampstack/apache2/htdocs/wire/core/Wire.php(333): Wire->runHooks('render', Array) #3 /Applications/mampstack/apache2/htdocs/wire/modules/PageRender.module(422): Wire->__call('render', Array) #4 /Applications/mampstack/apache2/htdocs/wire/core/Wire.php(398): PageRender->___renderPage(Object(HookEvent)) #5 /Applications/mampstack/apache2/htdocs/wire/core/Wire.php(333): Wire->runHooks('renderPage', Array) #6 /Applications/mampstack/apache2/htdocs/wire/core/Wire.php(459): Wire->__call('renderPage', Array) #7 /Applications/mampstack/apache2/htdocs/wire/core/Wire.php(333): Wire->runHooks('render', Array) #8 /Applications/mampstack/apache2/htdocs/wire/modules/Process/ProcessPageView.module(187 (line 74 of /Applications/mampstack/apache2/htdocs/site/thursdaychurch/event-list.php)
2019-09-18 15:04:28	guest	http://192.168.1.100:8080/events/	Error: 	Uncaught Error: Class 'Julian' not found in /Applications/mampstack/apache2/htdocs/site/thursdaychurch/event-list.php:74 Stack trace: #0 /Applications/mampstack/apache2/htdocs/wire/core/TemplateFile.php(182): require() #1 /Applications/mampstack/apache2/htdocs/wire/core/Wire.php(398): TemplateFile->___render() #2 /Applications/mampstack/apache2/htdocs/wire/core/Wire.php(333): Wire->runHooks('render', Array) #3 /Applications/mampstack/apache2/htdocs/wire/modules/PageRender.module(422): Wire->__call('render', Array) #4 /Applications/mampstack/apache2/htdocs/wire/core/Wire.php(398): PageRender->___renderPage(Object(HookEvent)) #5 /Applications/mampstack/apache2/htdocs/wire/core/Wire.php(333): Wire->runHooks('renderPage', Array) #6 /Applications/mampstack/apache2/htdocs/wire/core/Wire.php(459): Wire->__call('renderPage', Array) #7 /Applications/mampstack/apache2/htdocs/wire/core/Wire.php(333): Wire->runHooks('render', Array) #8 /Applications/mampstack/apache2/htdocs/wire/modules/Process/ProcessPageView.module(187 (line 74 of /Applications/mampstack/apache2/htdocs/site/thursdaychurch/event-list.php)
2019-09-18 15:24:55	admin	http://192.168.1.100:8080/admin/page/edit/	Error: 	Cannot declare class Julian, because the name is already in use (line 13 of /Applications/mampstack/apache2/htdocs/site/modules/LibJulian/julian/Julian.php)
2019-09-18 15:50:33	guest	http://192.168.1.100:8080/events/	SQLSTATE[HY000]: General error: 1525 Incorrect DATETIME value: ''
2019-09-18 17:01:51	admin	http://192.168.1.100:8080/admin/page/	SQLSTATE[HY000]: General error: 1525 Incorrect DATETIME value: ''
2019-09-18 19:15:04	guest	http://192.168.1.100:8080/	SQLSTATE[HY000]: General error: 1525 Incorrect DATETIME value: ''
2019-09-18 21:30:16	guest	http://192.168.1.100:8080/	SQLSTATE[HY000]: General error: 1525 Incorrect DATETIME value: ''
2019-09-19 14:32:45	guest	http://localhost:8080/	SQLSTATE[HY000]: General error: 1525 Incorrect DATETIME value: ''
2019-09-20 12:25:04	guest	http://localhost:8080/	SQLSTATE[HY000]: General error: 1525 Incorrect DATETIME value: ''
2019-09-20 13:25:20	admin	http://192.168.2.40:8080/admin/page/edit/?id=1	SQLSTATE[HY000]: General error: 1525 Incorrect DATETIME value: ''
2019-09-20 21:46:59	guest	http://localhost:8080/	SQLSTATE[HY000]: General error: 1525 Incorrect DATETIME value: ''
2019-09-21 12:32:23	guest	http://localhost:8080/	SQLSTATE[HY000]: General error: 1525 Incorrect DATETIME value: ''
2019-09-21 13:25:31	admin	http://localhost:8080/	SQLSTATE[HY000]: General error: 1525 Incorrect DATETIME value: ''
2019-09-21 14:25:34	admin	http://localhost:8080/serve/childrens-ministry/	SQLSTATE[HY000]: General error: 1525 Incorrect DATETIME value: ''
2019-09-21 16:02:15	admin	http://localhost:8080/admin/setup/field/	SQLSTATE[HY000]: General error: 1525 Incorrect DATETIME value: ''
2019-09-21 19:11:01	admin	http://localhost:8080/	SQLSTATE[HY000]: General error: 1525 Incorrect DATETIME value: ''
2019-09-22 05:58:39	admin	http://localhost:8080/	SQLSTATE[HY000]: General error: 1525 Incorrect DATETIME value: ''
2019-09-22 07:06:54	admin	http://localhost:8080/about/contact/	SQLSTATE[HY000]: General error: 1525 Incorrect DATETIME value: ''
2019-09-22 08:08:58	admin	http://localhost:8080/	SQLSTATE[HY000]: General error: 1525 Incorrect DATETIME value: ''
2019-09-22 14:16:05	admin	http://localhost:8080/about/contact/	SQLSTATE[HY000]: General error: 1525 Incorrect DATETIME value: ''
2019-09-22 17:53:07	admin	http://localhost:8080/admin/page/edit/?id=1342&s=1	SQLSTATE[HY000]: General error: 1525 Incorrect DATETIME value: ''
2019-09-22 19:26:22	admin	http://localhost:8080/	SQLSTATE[HY000]: General error: 1525 Incorrect DATETIME value: ''
2019-09-22 21:47:38	admin	http://localhost:8080/search/	SQLSTATE[HY000]: General error: 1525 Incorrect DATETIME value: ''
2019-09-23 08:37:12	admin	http://localhost:8080/	SQLSTATE[HY000]: General error: 1525 Incorrect DATETIME value: ''
2019-09-23 10:24:15	admin	http://localhost:8080/	SQLSTATE[HY000]: General error: 1525 Incorrect DATETIME value: ''
2019-09-23 14:12:39	admin	http://localhost:8080/	SQLSTATE[HY000]: General error: 1525 Incorrect DATETIME value: ''
2019-09-24 08:43:56	admin	http://localhost:8080/	SQLSTATE[HY000]: General error: 1525 Incorrect DATETIME value: ''
2019-09-24 10:09:40	admin	http://localhost:8080/	SQLSTATE[HY000]: General error: 1525 Incorrect DATETIME value: ''
2019-09-24 10:13:44	admin	http://localhost:8080/	Parse Error: 	syntax error, unexpected ''css/site.css'' (T_CONSTANT_ENCAPSED_STRING), expecting ')' (line 131 of /Applications/mampstack/apache2/htdocs/site/templates/includes/head.inc)
2019-09-24 11:15:47	admin	http://localhost:8888/	SQLSTATE[HY000]: General error: 1525 Incorrect DATETIME value: ''
2019-09-24 13:00:15	admin	http://localhost:8888/	SQLSTATE[HY000]: General error: 1525 Incorrect DATETIME value: ''
2019-09-24 14:57:58	admin	http://localhost:8888/admin/setup/field/edit?id=236&modal=1	SQLSTATE[HY000]: General error: 1525 Incorrect DATETIME value: ''
2019-09-24 16:11:26	admin	http://localhost:8888/	SQLSTATE[HY000]: General error: 1525 Incorrect DATETIME value: ''
2019-09-24 16:34:47	admin	http://localhost:8888/locations/vincennes/	Parse Error: 	syntax error, unexpected end of file (line 43 of /Applications/mampstack/apache2/htdocs/site/templates/campus.php)
2019-09-24 16:47:57	admin	http://localhost:8888/locations/vincennes/	Parse Error: 	syntax error, unexpected end of file (line 7 of /Applications/mampstack/apache2/htdocs/site/templates/campus.php)
2019-09-24 16:48:17	admin	http://localhost:8888/locations/vincennes/	Parse Error: 	syntax error, unexpected end of file (line 10 of /Applications/mampstack/apache2/htdocs/site/templates/campus.php)
2019-09-24 17:11:46	admin	http://localhost:8888/admin/setup/template/edit?id=117	SQLSTATE[HY000]: General error: 1525 Incorrect DATETIME value: ''
2019-09-24 17:15:59	admin	http://localhost:8888/	Error: 	Uncaught ArgumentCountError: Too few arguments to function WireCache::save(), 1 passed in /Applications/mampstack/apache2/htdocs/site/templates/home.php on line 37 and at least 2 expected in /Applications/mampstack/apache2/htdocs/wire/core/WireCache.php:294 Stack trace: #0 /Applications/mampstack/apache2/htdocs/site/templates/home.php(37): WireCache->save('<div class="col...') #1 /Applications/mampstack/apache2/htdocs/wire/core/TemplateFile.php(182): require('/Applications/m...') #2 /Applications/mampstack/apache2/htdocs/wire/core/Wire.php(398): TemplateFile->___render() #3 /Applications/mampstack/apache2/htdocs/wire/core/Wire.php(333): Wire->runHooks('render', Array) #4 /Applications/mampstack/apache2/htdocs/wire/modules/PageRender.module(422): Wire->__call('render', Array) #5 /Applications/mampstack/apache2/htdocs/wire/core/Wire.php(398): PageRender->___renderPage(Object(HookEvent)) #6 /Applications/mampstack/apache2/htdocs/wire/core/Wire.php(333): Wire->runHooks('renderPage', Array) #7 /Applications/mampst (line 294 of /Applications/mampstack/apache2/htdocs/wire/core/WireCache.php)
2019-09-24 17:16:03	admin	http://localhost:8888/	Error: 	Uncaught ArgumentCountError: Too few arguments to function WireCache::save(), 1 passed in /Applications/mampstack/apache2/htdocs/site/templates/home.php on line 37 and at least 2 expected in /Applications/mampstack/apache2/htdocs/wire/core/WireCache.php:294 Stack trace: #0 /Applications/mampstack/apache2/htdocs/site/templates/home.php(37): WireCache->save('<div class="col...') #1 /Applications/mampstack/apache2/htdocs/wire/core/TemplateFile.php(182): require('/Applications/m...') #2 /Applications/mampstack/apache2/htdocs/wire/core/Wire.php(398): TemplateFile->___render() #3 /Applications/mampstack/apache2/htdocs/wire/core/Wire.php(333): Wire->runHooks('render', Array) #4 /Applications/mampstack/apache2/htdocs/wire/modules/PageRender.module(422): Wire->__call('render', Array) #5 /Applications/mampstack/apache2/htdocs/wire/core/Wire.php(398): PageRender->___renderPage(Object(HookEvent)) #6 /Applications/mampstack/apache2/htdocs/wire/core/Wire.php(333): Wire->runHooks('renderPage', Array) #7 /Applications/mampst (line 294 of /Applications/mampstack/apache2/htdocs/wire/core/WireCache.php)
2019-09-24 20:55:01	admin	http://localhost:8888/locations/vincennes/	SQLSTATE[HY000]: General error: 1525 Incorrect DATETIME value: ''
2019-09-24 22:58:19	admin	http://localhost:8888/admin/page/?open=1	SQLSTATE[HY000]: General error: 1525 Incorrect DATETIME value: ''
2019-09-25 04:30:12	admin	http://localhost:8888/admin/page/?open=1	SQLSTATE[HY000]: General error: 1525 Incorrect DATETIME value: ''
2019-09-25 04:52:36	admin	http://localhost:8888/admin/setup/comments/	Error: 	Uncaught Error: Class 'Comment' not found in /Applications/mampstack/apache2/htdocs/wire/modules/Process/ProcessCommentsManager/ProcessCommentsManager.module:80 Stack trace: #0 /Applications/mampstack/apache2/htdocs/wire/core/Modules.php(462): ProcessCommentsManager->init() #1 /Applications/mampstack/apache2/htdocs/wire/core/Modules.php(1033): Modules->initModule(Object(ProcessCommentsManager), false) #2 /Applications/mampstack/apache2/htdocs/wire/core/Modules.php(940): Modules->getModule('ProcessComments...') #3 /Applications/mampstack/apache2/htdocs/wire/core/ProcessController.php(155): Modules->get('ProcessComments...') #4 /Applications/mampstack/apache2/htdocs/wire/core/ProcessController.php(232): ProcessController->getProcess() #5 /Applications/mampstack/apache2/htdocs/wire/core/Wire.php(398): ProcessController->___execute() #6 /Applications/mampstack/apache2/htdocs/wire/core/Wire.php(333): Wire->runHooks('execute', Array) #7 /Applications/mampstack/apache2/htdocs/wire/core/admin.php(94): Wire->__call('e (line 80 of /Applications/mampstack/apache2/htdocs/wire/modules/Process/ProcessCommentsManager/ProcessCommentsManager.module)
2019-09-25 05:34:04	admin	http://localhost:8888/admin/setup/template/	SQLSTATE[HY000]: General error: 1525 Incorrect DATETIME value: ''
2019-09-25 11:41:05	admin	http://localhost:8888/	SQLSTATE[HY000]: General error: 1525 Incorrect DATETIME value: ''
2019-09-25 12:52:56	admin	http://localhost:8888/	SQLSTATE[HY000]: General error: 1525 Incorrect DATETIME value: ''
2019-09-25 13:55:52	admin	http://localhost:8888/	SQLSTATE[HY000]: General error: 1525 Incorrect DATETIME value: ''
2019-09-25 16:32:41	guest	http://localhost:8888/	SQLSTATE[HY000]: General error: 1525 Incorrect DATETIME value: ''
2019-09-25 18:27:31	admin	http://localhost:8888/?IT=http404	SQLSTATE[HY000]: General error: 1525 Incorrect DATETIME value: ''
2019-09-25 21:07:11	admin	http://localhost:8888/	SQLSTATE[HY000]: General error: 1525 Incorrect DATETIME value: ''
2019-09-25 22:37:41	admin	http://localhost:8888/admin/page/?open=1	SQLSTATE[HY000]: General error: 1525 Incorrect DATETIME value: ''
2019-09-25 22:40:53	admin	http://localhost:8888/lifegroups/	Error: 	Exception: Filename doesn't exist: /Applications/mampstack/apache2/htdocs/site/templates/markup/blog/Groups-loop-grid.php (in /Applications/mampstack/apache2/htdocs/wire/core/TemplateFile.php line 89)  #0 /Applications/mampstack/apache2/htdocs/wire/core/TemplateFile.php(71): TemplateFile->setFilename('/Applications/m...') #1 /Applications/mampstack/apache2/htdocs/site/templates/group-list.php(74): TemplateFile->__construct('/Applications/m...') #2 /Applications/mampstack/apache2/htdocs/wire/core/TemplateFile.php(182): require('/Applications/m...') #3 /Applications/mampstack/apache2/htdocs/wire/core/Wire.php(398): TemplateFile->___render() #4 /Applications/mampstack/apache2/htdocs/wire/core/Wire.php(333): Wire->runHooks('render', Array) #5 /Applications/mampstack/apache2/htdocs/wire/modules/PageRender.module(422): Wire->__call('render', Array) #6 /Applications/mampstack/apache2/htdocs/wire/core/Wire.php(398): PageRender->___renderPage(Object(HookEvent)) #7 /Applications/mampstack/apache2/htdocs/wire/core/Wire.
2019-09-25 22:42:33	admin	http://localhost:8888/lifegroups/	Error: 	Exception: Filename doesn't exist: /Applications/mampstack/apache2/htdocs/site/templates/markup/blog/Groups-loop-grid.php (in /Applications/mampstack/apache2/htdocs/wire/core/TemplateFile.php line 89)  #0 /Applications/mampstack/apache2/htdocs/wire/core/TemplateFile.php(71): TemplateFile->setFilename('/Applications/m...') #1 /Applications/mampstack/apache2/htdocs/site/templates/group-list.php(74): TemplateFile->__construct('/Applications/m...') #2 /Applications/mampstack/apache2/htdocs/wire/core/TemplateFile.php(182): require('/Applications/m...') #3 /Applications/mampstack/apache2/htdocs/wire/core/Wire.php(398): TemplateFile->___render() #4 /Applications/mampstack/apache2/htdocs/wire/core/Wire.php(333): Wire->runHooks('render', Array) #5 /Applications/mampstack/apache2/htdocs/wire/modules/PageRender.module(422): Wire->__call('render', Array) #6 /Applications/mampstack/apache2/htdocs/wire/core/Wire.php(398): PageRender->___renderPage(Object(HookEvent)) #7 /Applications/mampstack/apache2/htdocs/wire/core/Wire.
2019-09-25 22:42:51	guest	http://localhost:8888/lifegroups/	Error: 	Exception: Filename doesn't exist: /Applications/mampstack/apache2/htdocs/site/templates/markup/blog/Groups-loop-grid.php (in /Applications/mampstack/apache2/htdocs/wire/core/TemplateFile.php line 89)
2019-09-25 22:43:36	admin	http://localhost:8888/lifegroups/	Error: 	Exception: Filename doesn't exist: /Applications/mampstack/apache2/htdocs/site/templates/markup/blog/Groups-loop-grid.php (in /Applications/mampstack/apache2/htdocs/wire/core/TemplateFile.php line 89)  #0 /Applications/mampstack/apache2/htdocs/wire/core/TemplateFile.php(71): TemplateFile->setFilename('/Applications/m...') #1 /Applications/mampstack/apache2/htdocs/site/templates/group-list.php(74): TemplateFile->__construct('/Applications/m...') #2 /Applications/mampstack/apache2/htdocs/wire/core/TemplateFile.php(182): require('/Applications/m...') #3 /Applications/mampstack/apache2/htdocs/wire/core/Wire.php(398): TemplateFile->___render() #4 /Applications/mampstack/apache2/htdocs/wire/core/Wire.php(333): Wire->runHooks('render', Array) #5 /Applications/mampstack/apache2/htdocs/wire/modules/PageRender.module(422): Wire->__call('render', Array) #6 /Applications/mampstack/apache2/htdocs/wire/core/Wire.php(398): PageRender->___renderPage(Object(HookEvent)) #7 /Applications/mampstack/apache2/htdocs/wire/core/Wire.
2019-09-25 23:50:42	admin	http://localhost:8888/blog/category/life-groups/	SQLSTATE[HY000]: General error: 1525 Incorrect DATETIME value: ''
2019-09-26 23:20:35	admin	http://localhost:8888/admin/page/edit/?id=1087&s=1	SQLSTATE[HY000]: General error: 1525 Incorrect DATETIME value: ''
2019-09-27 07:18:20	admin	http://localhost:8888/	SQLSTATE[HY000]: General error: 1525 Incorrect DATETIME value: ''
2019-09-27 07:26:35	admin	http://localhost:8888/	Error: 	Uncaught ArgumentCountError: Too few arguments to function WireCache::save(), 1 passed in /Applications/mampstack/apache2/htdocs/site/templates/home.php on line 170 and at least 2 expected in /Applications/mampstack/apache2/htdocs/wire/core/WireCache.php:294 Stack trace: #0 /Applications/mampstack/apache2/htdocs/site/templates/home.php(170): WireCache->save('<div class='sec...') #1 /Applications/mampstack/apache2/htdocs/wire/core/TemplateFile.php(182): require('/Applications/m...') #2 /Applications/mampstack/apache2/htdocs/wire/core/Wire.php(398): TemplateFile->___render() #3 /Applications/mampstack/apache2/htdocs/wire/core/Wire.php(333): Wire->runHooks('render', Array) #4 /Applications/mampstack/apache2/htdocs/wire/modules/PageRender.module(422): Wire->__call('render', Array) #5 /Applications/mampstack/apache2/htdocs/wire/core/Wire.php(398): PageRender->___renderPage(Object(HookEvent)) #6 /Applications/mampstack/apache2/htdocs/wire/core/Wire.php(333): Wire->runHooks('renderPage', Array) #7 /Applications/mamp (line 294 of /Applications/mampstack/apache2/htdocs/wire/core/WireCache.php)
2019-09-27 08:23:08	admin	http://localhost:8888/	SQLSTATE[HY000]: General error: 1525 Incorrect DATETIME value: ''
2019-09-27 20:13:48	admin	http://localhost:8888/	SQLSTATE[HY000]: General error: 1525 Incorrect DATETIME value: ''
2019-09-27 21:54:14	admin	http://localhost:8888/	SQLSTATE[HY000]: General error: 1525 Incorrect DATETIME value: ''
2019-09-28 08:12:26	admin	http://localhost:8888/	SQLSTATE[HY000]: General error: 1525 Incorrect DATETIME value: ''
2019-09-28 09:20:26	admin	http://localhost:8888/admin/page/edit/?id=1289&s=1	SQLSTATE[HY000]: General error: 1525 Incorrect DATETIME value: ''
2019-09-28 10:50:15	admin	http://localhost:8888/ministries/kids/	SQLSTATE[HY000]: General error: 1525 Incorrect DATETIME value: ''
2019-09-28 12:47:01	admin	http://localhost:8888/	SQLSTATE[HY000]: General error: 1525 Incorrect DATETIME value: ''
2019-09-28 19:34:38	admin	http://localhost:8888/	SQLSTATE[HY000]: General error: 1525 Incorrect DATETIME value: ''
2019-09-28 22:32:04	admin	http://localhost:8888/	SQLSTATE[HY000]: General error: 1525 Incorrect DATETIME value: ''
2019-09-28 22:58:19	admin	http://localhost:8888/	Parse Error: 	syntax error, unexpected '*', expecting end of file (line 117 of /Applications/mampstack/apache2/htdocs/site/templates/includes/functions.inc)
2019-09-28 23:33:15	admin	http://localhost:8888/	SQLSTATE[HY000]: General error: 1525 Incorrect DATETIME value: ''
2019-09-29 00:33:33	admin	http://localhost:8888/admin/module/edit?name=MarkupCache	SQLSTATE[HY000]: General error: 1525 Incorrect DATETIME value: ''
2019-09-29 16:06:21	admin	http://localhost:8888/	SQLSTATE[HY000]: General error: 1525 Incorrect DATETIME value: ''
2019-09-29 17:06:23	admin	http://localhost:8888/	SQLSTATE[HY000]: General error: 1525 Incorrect DATETIME value: ''
2019-09-29 18:17:23	admin	http://localhost:8888/	SQLSTATE[HY000]: General error: 1525 Incorrect DATETIME value: ''
2019-09-29 22:02:41	admin	http://localhost:8888/	SQLSTATE[HY000]: General error: 1525 Incorrect DATETIME value: ''
2019-09-29 23:04:18	admin	http://localhost:8888/	SQLSTATE[HY000]: General error: 1525 Incorrect DATETIME value: ''
2019-09-30 10:03:35	?	http://localhost:8888/?/	Error: 	Exception: SQLSTATE[HY000] [2002] No such file or directory (in /Applications/mampstack/apache2/htdocs/wire/core/ProcessWire.php line 216)
2019-09-30 15:40:40	admin	http://localhost:8888/	SQLSTATE[HY000]: General error: 1525 Incorrect DATETIME value: ''
2019-09-30 23:32:03	admin	http://localhost:8888/	SQLSTATE[HY000]: General error: 1525 Incorrect DATETIME value: ''
2019-10-01 10:34:20	admin	http://localhost:8888/	SQLSTATE[HY000]: General error: 1525 Incorrect DATETIME value: ''
2019-10-01 11:49:11	admin	http://localhost:8888/	SQLSTATE[HY000]: General error: 1525 Incorrect DATETIME value: ''
2019-10-01 13:54:29	admin	http://localhost:8888/admin/module/edit?name=MarkupCache	SQLSTATE[HY000]: General error: 1525 Incorrect DATETIME value: ''
2019-11-06 21:48:02	?	http://localhost:8888/?/	Error: 	Exception: SQLSTATE[HY000] [1045] Access denied for user 'root'@'localhost' (using password: YES) (in /Applications/mampstack/apache2/htdocs_thursdaychurch_2.7pw/wire/core/ProcessWire.php line 216)
2019-12-10 14:15:52	guest	http://localhost:8888/	SQLSTATE[HY000]: General error: 1525 Incorrect DATETIME value: ''
2019-12-10 14:47:18	?	http://localhost:8888/?/	Error: 	Exception: SQLSTATE[HY000] [1049] Unknown database 'pw_church' (in /Applications/mampstack/apache2/htdocs_thursdaychurch_2.7pw/wire/core/ProcessWire.php line 216)
2019-12-10 14:47:22	?	http://localhost:8888/?/	Error: 	Exception: SQLSTATE[HY000] [1049] Unknown database 'pw_church' (in /Applications/mampstack/apache2/htdocs_thursdaychurch_2.7pw/wire/core/ProcessWire.php line 216)
2019-12-10 14:47:27	?	http://localhost:8888/?/	Error: 	Exception: SQLSTATE[HY000] [1049] Unknown database 'pw_church' (in /Applications/mampstack/apache2/htdocs_thursdaychurch_2.7pw/wire/core/ProcessWire.php line 216)
2019-12-10 14:47:47	?	http://localhost:8888/?/	Error: 	Exception: SQLSTATE[HY000] [1049] Unknown database 'pw_church' (in /Applications/mampstack/apache2/htdocs_thursdaychurch_2.7pw/wire/core/ProcessWire.php line 216)
2019-12-10 14:47:49	?	http://localhost:8888/?/	Error: 	Exception: SQLSTATE[HY000] [1049] Unknown database 'pw_church' (in /Applications/mampstack/apache2/htdocs_thursdaychurch_2.7pw/wire/core/ProcessWire.php line 216)
2019-12-10 14:47:51	?	http://localhost:8888/?/	Error: 	Exception: SQLSTATE[HY000] [1049] Unknown database 'pw_church' (in /Applications/mampstack/apache2/htdocs_thursdaychurch_2.7pw/wire/core/ProcessWire.php line 216)
2019-12-10 14:47:55	?	http://localhost:8888/?/	Error: 	Exception: SQLSTATE[HY000] [1049] Unknown database 'pw_church' (in /Applications/mampstack/apache2/htdocs_thursdaychurch_2.7pw/wire/core/ProcessWire.php line 216)
2019-12-10 14:49:22	?	http://localhost:8888/?/	Error: 	Exception: SQLSTATE[HY000] [1049] Unknown database 'pw_church' (in /Applications/mampstack/apache2/htdocs_thursdaychurch_2.7pw/wire/core/ProcessWire.php line 216)  #0 /Applications/mampstack/apache2/htdocs_thursdaychurch_2.7pw/wire/core/ProcessWire.php(94): ProcessWire->load(Object(Config)) #1 /Applications/mampstack/apache2/htdocs_thursdaychurch_2.7pw/index.php(232): ProcessWire->__construct(Object(Config)) #2 {main}
2019-12-10 14:49:49	?	http://localhost:8888/?/	Error: 	Exception: SQLSTATE[HY000] [1049] Unknown database 'pw_church' (in /Applications/mampstack/apache2/htdocs_thursdaychurch_2.7pw/wire/core/ProcessWire.php line 216)  #0 /Applications/mampstack/apache2/htdocs_thursdaychurch_2.7pw/wire/core/ProcessWire.php(94): ProcessWire->load(Object(Config)) #1 /Applications/mampstack/apache2/htdocs_thursdaychurch_2.7pw/index.php(232): ProcessWire->__construct(Object(Config)) #2 {main}
2019-12-10 14:49:52	?	http://localhost:8888/?/	Error: 	Exception: SQLSTATE[HY000] [1049] Unknown database 'pw_church' (in /Applications/mampstack/apache2/htdocs_thursdaychurch_2.7pw/wire/core/ProcessWire.php line 216)  #0 /Applications/mampstack/apache2/htdocs_thursdaychurch_2.7pw/wire/core/ProcessWire.php(94): ProcessWire->load(Object(Config)) #1 /Applications/mampstack/apache2/htdocs_thursdaychurch_2.7pw/index.php(232): ProcessWire->__construct(Object(Config)) #2 {main}
2019-12-10 14:49:55	?	http://localhost:8888/?/	Error: 	Exception: SQLSTATE[HY000] [1049] Unknown database 'pw_church' (in /Applications/mampstack/apache2/htdocs_thursdaychurch_2.7pw/wire/core/ProcessWire.php line 216)  #0 /Applications/mampstack/apache2/htdocs_thursdaychurch_2.7pw/wire/core/ProcessWire.php(94): ProcessWire->load(Object(Config)) #1 /Applications/mampstack/apache2/htdocs_thursdaychurch_2.7pw/index.php(232): ProcessWire->__construct(Object(Config)) #2 {main}
2019-12-10 14:49:59	?	http://localhost:8888/?/	Error: 	Exception: SQLSTATE[HY000] [1049] Unknown database 'pw_church' (in /Applications/mampstack/apache2/htdocs_thursdaychurch_2.7pw/wire/core/ProcessWire.php line 216)  #0 /Applications/mampstack/apache2/htdocs_thursdaychurch_2.7pw/wire/core/ProcessWire.php(94): ProcessWire->load(Object(Config)) #1 /Applications/mampstack/apache2/htdocs_thursdaychurch_2.7pw/index.php(232): ProcessWire->__construct(Object(Config)) #2 {main}
2019-12-10 14:50:05	?	http://localhost:8888/?/	Error: 	Exception: SQLSTATE[HY000] [1049] Unknown database 'pw_church' (in /Applications/mampstack/apache2/htdocs_thursdaychurch_2.7pw/wire/core/ProcessWire.php line 216)  #0 /Applications/mampstack/apache2/htdocs_thursdaychurch_2.7pw/wire/core/ProcessWire.php(94): ProcessWire->load(Object(Config)) #1 /Applications/mampstack/apache2/htdocs_thursdaychurch_2.7pw/index.php(232): ProcessWire->__construct(Object(Config)) #2 {main}
2019-12-10 14:50:08	?	http://localhost:8888/?/	Error: 	Exception: SQLSTATE[HY000] [1049] Unknown database 'pw_church' (in /Applications/mampstack/apache2/htdocs_thursdaychurch_2.7pw/wire/core/ProcessWire.php line 216)  #0 /Applications/mampstack/apache2/htdocs_thursdaychurch_2.7pw/wire/core/ProcessWire.php(94): ProcessWire->load(Object(Config)) #1 /Applications/mampstack/apache2/htdocs_thursdaychurch_2.7pw/index.php(232): ProcessWire->__construct(Object(Config)) #2 {main}
2019-12-10 14:50:11	?	http://localhost:8888/?/	Error: 	Exception: SQLSTATE[HY000] [1049] Unknown database 'pw_church' (in /Applications/mampstack/apache2/htdocs_thursdaychurch_2.7pw/wire/core/ProcessWire.php line 216)  #0 /Applications/mampstack/apache2/htdocs_thursdaychurch_2.7pw/wire/core/ProcessWire.php(94): ProcessWire->load(Object(Config)) #1 /Applications/mampstack/apache2/htdocs_thursdaychurch_2.7pw/index.php(232): ProcessWire->__construct(Object(Config)) #2 {main}
2019-12-10 14:50:15	?	http://localhost:8888/?/	Error: 	Exception: SQLSTATE[HY000] [1049] Unknown database 'pw_church' (in /Applications/mampstack/apache2/htdocs_thursdaychurch_2.7pw/wire/core/ProcessWire.php line 216)  #0 /Applications/mampstack/apache2/htdocs_thursdaychurch_2.7pw/wire/core/ProcessWire.php(94): ProcessWire->load(Object(Config)) #1 /Applications/mampstack/apache2/htdocs_thursdaychurch_2.7pw/index.php(232): ProcessWire->__construct(Object(Config)) #2 {main}
2019-12-10 14:50:19	?	http://localhost:8888/?/	Error: 	Exception: SQLSTATE[HY000] [1049] Unknown database 'pw_church' (in /Applications/mampstack/apache2/htdocs_thursdaychurch_2.7pw/wire/core/ProcessWire.php line 216)  #0 /Applications/mampstack/apache2/htdocs_thursdaychurch_2.7pw/wire/core/ProcessWire.php(94): ProcessWire->load(Object(Config)) #1 /Applications/mampstack/apache2/htdocs_thursdaychurch_2.7pw/index.php(232): ProcessWire->__construct(Object(Config)) #2 {main}
2019-12-10 14:50:38	?	http://localhost:8888/?/	Error: 	Exception: SQLSTATE[42S02]: Base table or view not found: 1146 Table 'pwchurch.fields' doesn't exist (in /Applications/mampstack/apache2/htdocs_thursdaychurch_2.7pw/wire/core/WireSaveableItems.php line 154)  #0 /Applications/mampstack/apache2/htdocs_thursdaychurch_2.7pw/wire/core/WireSaveableItems.php(154): PDOStatement->execute() #1 /Applications/mampstack/apache2/htdocs_thursdaychurch_2.7pw/wire/core/Wire.php(398): WireSaveableItems->___load(Object(FieldsArray)) #2 /Applications/mampstack/apache2/htdocs_thursdaychurch_2.7pw/wire/core/Wire.php(333): Wire->runHooks('load', Array) #3 /Applications/mampstack/apache2/htdocs_thursdaychurch_2.7pw/wire/core/Fields.php(94): Wire->__call('load', Array) #4 /Applications/mampstack/apache2/htdocs_thursdaychurch_2.7pw/wire/core/ProcessWire.php(300): Fields->init() #5 /Applications/mampstack/apache2/htdocs_thursdaychurch_2.7pw/wire/core/ProcessWire.php(256): ProcessWire->initVar('fields', Object(Fields)) #6 /Applications/mampstack/apache2/htdocs_thursdaychurch_2.7pw/wire/
2019-12-10 14:51:15	?	http://localhost:8888/?/	Error: 	Exception: SQLSTATE[42S02]: Base table or view not found: 1146 Table 'pwchurch.fields' doesn't exist (in /Applications/mampstack/apache2/htdocs_thursdaychurch_2.7pw/wire/core/WireSaveableItems.php line 154)  #0 /Applications/mampstack/apache2/htdocs_thursdaychurch_2.7pw/wire/core/WireSaveableItems.php(154): PDOStatement->execute() #1 /Applications/mampstack/apache2/htdocs_thursdaychurch_2.7pw/wire/core/Wire.php(398): WireSaveableItems->___load(Object(FieldsArray)) #2 /Applications/mampstack/apache2/htdocs_thursdaychurch_2.7pw/wire/core/Wire.php(333): Wire->runHooks('load', Array) #3 /Applications/mampstack/apache2/htdocs_thursdaychurch_2.7pw/wire/core/Fields.php(94): Wire->__call('load', Array) #4 /Applications/mampstack/apache2/htdocs_thursdaychurch_2.7pw/wire/core/ProcessWire.php(300): Fields->init() #5 /Applications/mampstack/apache2/htdocs_thursdaychurch_2.7pw/wire/core/ProcessWire.php(256): ProcessWire->initVar('fields', Object(Fields)) #6 /Applications/mampstack/apache2/htdocs_thursdaychurch_2.7pw/wire/
2019-12-10 14:51:22	?	http://localhost:8888/?/	Error: 	Exception: SQLSTATE[42S02]: Base table or view not found: 1146 Table 'pwchurch.fields' doesn't exist (in /Applications/mampstack/apache2/htdocs_thursdaychurch_2.7pw/wire/core/WireSaveableItems.php line 154)  #0 /Applications/mampstack/apache2/htdocs_thursdaychurch_2.7pw/wire/core/WireSaveableItems.php(154): PDOStatement->execute() #1 /Applications/mampstack/apache2/htdocs_thursdaychurch_2.7pw/wire/core/Wire.php(398): WireSaveableItems->___load(Object(FieldsArray)) #2 /Applications/mampstack/apache2/htdocs_thursdaychurch_2.7pw/wire/core/Wire.php(333): Wire->runHooks('load', Array) #3 /Applications/mampstack/apache2/htdocs_thursdaychurch_2.7pw/wire/core/Fields.php(94): Wire->__call('load', Array) #4 /Applications/mampstack/apache2/htdocs_thursdaychurch_2.7pw/wire/core/ProcessWire.php(300): Fields->init() #5 /Applications/mampstack/apache2/htdocs_thursdaychurch_2.7pw/wire/core/ProcessWire.php(256): ProcessWire->initVar('fields', Object(Fields)) #6 /Applications/mampstack/apache2/htdocs_thursdaychurch_2.7pw/wire/
2019-12-10 15:21:06	admin	http://localhost:8888/live/	SQLSTATE[HY000]: General error: 1525 Incorrect DATETIME value: ''
2019-12-10 16:24:26	admin	http://localhost:8888/live/	SQLSTATE[HY000]: General error: 1525 Incorrect DATETIME value: ''
2019-12-10 19:11:42	admin	http://localhost:8888/live/	SQLSTATE[HY000]: General error: 1525 Incorrect DATETIME value: ''
2019-12-10 20:53:06	admin	http://localhost:8888/live/	SQLSTATE[HY000]: General error: 1525 Incorrect DATETIME value: ''
2019-12-10 21:53:07	admin	http://localhost:8888/admin/page/	SQLSTATE[HY000]: General error: 1525 Incorrect DATETIME value: ''
2019-12-10 22:43:19	?	http://localhost:8888/?/	Error: 	Exception: SQLSTATE[42S02]: Base table or view not found: 1146 Table 'pw_church.sessions' doesn't exist (in D:\MAMP\htdocs\wire\modules\Session\SessionHandlerDB\SessionHandlerDB.module line 72)
2019-12-10 22:44:13	?	http://localhost:8888/?/	Error: 	Exception: SQLSTATE[42S02]: Base table or view not found: 1146 Table 'pw_church.sessions' doesn't exist (in D:\MAMP\htdocs\wire\modules\Session\SessionHandlerDB\SessionHandlerDB.module line 72)  #0 D:\MAMP\htdocs\wire\modules\Session\SessionHandlerDB\SessionHandlerDB.module(72): PDOStatement->execute(Array) #1 [internal function]: SessionHandlerDB->read('2feb4952247a4ef...') #2 D:\MAMP\htdocs\wire\core\Session.php(131): session_start() #3 D:\MAMP\htdocs\wire\core\Wire.php(398): Session->___init() #4 D:\MAMP\htdocs\wire\core\Wire.php(333): Wire->runHooks('init', Array) #5 D:\MAMP\htdocs\wire\core\Session.php(93): Wire->__call('init', Array) #6 D:\MAMP\htdocs\wire\core\ProcessWire.php(279): Session->__construct() #7 D:\MAMP\htdocs\wire\core\ProcessWire.php(94): ProcessWire->load(Object(Config)) #8 D:\MAMP\htdocs\index.php(232): ProcessWire->__construct(Object(Config)) #9 {main}
2019-12-10 22:47:34	?	http://localhost:8888/?/	Error: 	Exception: SQLSTATE[42S02]: Base table or view not found: 1146 Table 'pw_church.sessions' doesn't exist (in D:\MAMP\htdocs\wire\modules\Session\SessionHandlerDB\SessionHandlerDB.module line 72)  #0 D:\MAMP\htdocs\wire\modules\Session\SessionHandlerDB\SessionHandlerDB.module(72): PDOStatement->execute(Array) #1 [internal function]: SessionHandlerDB->read('2feb4952247a4ef...') #2 D:\MAMP\htdocs\wire\core\Session.php(131): session_start() #3 D:\MAMP\htdocs\wire\core\Wire.php(398): Session->___init() #4 D:\MAMP\htdocs\wire\core\Wire.php(333): Wire->runHooks('init', Array) #5 D:\MAMP\htdocs\wire\core\Session.php(93): Wire->__call('init', Array) #6 D:\MAMP\htdocs\wire\core\ProcessWire.php(279): Session->__construct() #7 D:\MAMP\htdocs\wire\core\ProcessWire.php(94): ProcessWire->load(Object(Config)) #8 D:\MAMP\htdocs\index.php(232): ProcessWire->__construct(Object(Config)) #9 {main}
2019-12-10 22:54:44	jaygreentree	http://localhost:81/live/	Error: 	Exception: Filename doesn't exist: D:/MAMP/htdocs/site/templates/markup/live/tabbed_content.php (in D:\MAMP\htdocs\wire\core\TemplateFile.php line 89)  #0 D:\MAMP\htdocs\wire\core\TemplateFile.php(71): TemplateFile->setFilename('D:/MAMP/htdocs/...') #1 D:\MAMP\htdocs\site\templates\live-sections.php(274): TemplateFile->__construct('D:/MAMP/htdocs/...') #2 D:\MAMP\htdocs\wire\core\TemplateFile.php(182): require('D:\\MAMP\\htdocs\\...') #3 D:\MAMP\htdocs\wire\core\Wire.php(398): TemplateFile->___render() #4 D:\MAMP\htdocs\wire\core\Wire.php(333): Wire->runHooks('render', Array) #5 D:\MAMP\htdocs\wire\modules\PageRender.module(422): Wire->__call('render', Array) #6 D:\MAMP\htdocs\wire\core\Wire.php(398): PageRender->___renderPage(Object(HookEvent)) #7 D:\MAMP\htdocs\wire\core\Wire.php(333): Wire->runHooks('renderPage', Array) #8 D:\MAMP\htdocs\wire\core\Wire.php(459): Wire->__call('renderPage', Array) #9 D:\MAMP\htdocs\wire\core\Wire.php(333): Wire->runHooks('render', Array) #10 D:\MAMP\htdocs\wire\modules\Proce
2019-12-10 22:55:48	jaygreentree	http://localhost:81/recent/	Error: 	Uncaught ArgumentCountError: Too few arguments to function WireCache::save(), 1 passed in D:\MAMP\htdocs\site\templates\recent.php on line 91 and at least 2 expected in D:\MAMP\htdocs\wire\core\WireCache.php:294 Stack trace: #0 D:\MAMP\htdocs\site\templates\recent.php(91): WireCache->save('<div class='sec...') #1 D:\MAMP\htdocs\wire\core\TemplateFile.php(182): require('D:\\MAMP\\htdocs\\...') #2 D:\MAMP\htdocs\wire\core\Wire.php(398): TemplateFile->___render() #3 D:\MAMP\htdocs\wire\core\Wire.php(333): Wire->runHooks('render', Array) #4 D:\MAMP\htdocs\wire\modules\PageRender.module(422): Wire->__call('render', Array) #5 D:\MAMP\htdocs\wire\core\Wire.php(398): PageRender->___renderPage(Object(HookEvent)) #6 D:\MAMP\htdocs\wire\core\Wire.php(333): Wire->runHooks('renderPage', Array) #7 D:\MAMP\htdocs\wire\core\Wire.php(459): Wire->__call('renderPage', Array) #8 D:\MAMP\htdocs\wire\core\Wire.php(333): Wire->runHooks('render', Array) #9 D:\MAMP\htdocs\wire\modules\Process\ProcessPageView.module(187): Wire->__call (line 294 of D:\MAMP\htdocs\wire\core\WireCache.php)
2019-12-10 23:02:17	jaygreentree	http://localhost:81/recent/	Error: 	Uncaught ArgumentCountError: Too few arguments to function WireCache::save(), 1 passed in D:\MAMP\htdocs\site\templates\recent.php on line 91 and at least 2 expected in D:\MAMP\htdocs\wire\core\WireCache.php:294 Stack trace: #0 D:\MAMP\htdocs\site\templates\recent.php(91): WireCache->save('<div class='sec...') #1 D:\MAMP\htdocs\wire\core\TemplateFile.php(182): require('D:\\MAMP\\htdocs\\...') #2 D:\MAMP\htdocs\wire\core\Wire.php(398): TemplateFile->___render() #3 D:\MAMP\htdocs\wire\core\Wire.php(333): Wire->runHooks('render', Array) #4 D:\MAMP\htdocs\wire\modules\PageRender.module(422): Wire->__call('render', Array) #5 D:\MAMP\htdocs\wire\core\Wire.php(398): PageRender->___renderPage(Object(HookEvent)) #6 D:\MAMP\htdocs\wire\core\Wire.php(333): Wire->runHooks('renderPage', Array) #7 D:\MAMP\htdocs\wire\core\Wire.php(459): Wire->__call('renderPage', Array) #8 D:\MAMP\htdocs\wire\core\Wire.php(333): Wire->runHooks('render', Array) #9 D:\MAMP\htdocs\wire\modules\Process\ProcessPageView.module(187): Wire->__call (line 294 of D:\MAMP\htdocs\wire\core\WireCache.php)
2019-12-11 00:42:11	jaygreentree	http://localhost:81/ministries/life-groups/girls-night-out/	Error: 	Uncaught Error: Call to a member function first() on null in D:\MAMP\htdocs\site\templates\lifegroup.php:12 Stack trace: #0 D:\MAMP\htdocs\wire\core\TemplateFile.php(182): require() #1 D:\MAMP\htdocs\wire\core\Wire.php(398): TemplateFile->___render() #2 D:\MAMP\htdocs\wire\core\Wire.php(333): Wire->runHooks('render', Array) #3 D:\MAMP\htdocs\wire\modules\PageRender.module(422): Wire->__call('render', Array) #4 D:\MAMP\htdocs\wire\core\Wire.php(398): PageRender->___renderPage(Object(HookEvent)) #5 D:\MAMP\htdocs\wire\core\Wire.php(333): Wire->runHooks('renderPage', Array) #6 D:\MAMP\htdocs\wire\core\Wire.php(459): Wire->__call('renderPage', Array) #7 D:\MAMP\htdocs\wire\core\Wire.php(333): Wire->runHooks('render', Array) #8 D:\MAMP\htdocs\wire\modules\Process\ProcessPageView.module(187): Wire->__call('render', Array) #9 D:\MAMP\htdocs\wire\core\Wire.php(398): ProcessPageView->___execute(true) #10 D:\MAMP\htdocs\wire\core\Wire.php(333): Wire->runHooks('execute', Array) #11 D:\MAMP\htdocs\index.php(235): Wire->_ (line 12 of D:\MAMP\htdocs\site\templates\lifegroup.php)
2019-12-11 01:12:38	jaygreentree	http://localhost:81/events/	Compile Error: 	require_once(): Failed opening required 'D:\MAMP\htdocs/site/thursdaychurch/includes/functions.inc' (include_path='.;C:\php\pear') (line 6 of D:\MAMP\htdocs\site\templates\includes\head.inc)
2019-12-11 01:12:43	jaygreentree	http://localhost:81/http404/	Compile Error: 	require_once(): Failed opening required 'D:\MAMP\htdocs/site/thursdaychurch/includes/functions.inc' (include_path='.;C:\php\pear') (line 6 of D:\MAMP\htdocs\site\templates\includes\head.inc)
2019-12-11 01:12:44	jaygreentree	http://localhost:81/sermons/	Compile Error: 	require_once(): Failed opening required 'D:\MAMP\htdocs/site/thursdaychurch/includes/functions.inc' (include_path='.;C:\php\pear') (line 6 of D:\MAMP\htdocs\site\templates\includes\head.inc)
2019-12-11 01:12:45	jaygreentree	http://localhost:81/give/	Compile Error: 	require_once(): Failed opening required 'D:\MAMP\htdocs/site/thursdaychurch/includes/functions.inc' (include_path='.;C:\php\pear') (line 6 of D:\MAMP\htdocs\site\templates\includes\head.inc)
2019-12-11 01:12:45	jaygreentree	http://localhost:81/give/why-we-give/	Compile Error: 	require_once(): Failed opening required 'D:\MAMP\htdocs/site/thursdaychurch/includes/functions.inc' (include_path='.;C:\php\pear') (line 6 of D:\MAMP\htdocs\site\templates\includes\head.inc)
2019-12-11 01:12:46	jaygreentree	http://localhost:81/ministries/mobile-food-pantry/	Compile Error: 	require_once(): Failed opening required 'D:\MAMP\htdocs/site/thursdaychurch/includes/functions.inc' (include_path='.;C:\php\pear') (line 6 of D:\MAMP\htdocs\site\templates\includes\head.inc)
2019-12-11 01:12:47	jaygreentree	http://localhost:81/ministries/celebrate-recovery/	Compile Error: 	require_once(): Failed opening required 'D:\MAMP\htdocs/site/thursdaychurch/includes/functions.inc' (include_path='.;C:\php\pear') (line 6 of D:\MAMP\htdocs\site\templates\includes\head.inc)
2019-12-11 01:12:47	jaygreentree	http://localhost:81/ministries/students/	Compile Error: 	require_once(): Failed opening required 'D:\MAMP\htdocs/site/thursdaychurch/includes/functions.inc' (include_path='.;C:\php\pear') (line 6 of D:\MAMP\htdocs\site\templates\includes\head.inc)
2019-12-11 01:12:48	jaygreentree	http://localhost:81/ministries/kids/	Compile Error: 	require_once(): Failed opening required 'D:\MAMP\htdocs/site/thursdaychurch/includes/functions.inc' (include_path='.;C:\php\pear') (line 6 of D:\MAMP\htdocs\site\templates\includes\head.inc)
2019-12-11 01:12:50	jaygreentree	http://localhost:81/http404/	Compile Error: 	require_once(): Failed opening required 'D:\MAMP\htdocs/site/thursdaychurch/includes/functions.inc' (include_path='.;C:\php\pear') (line 6 of D:\MAMP\htdocs\site\templates\includes\head.inc)
2019-12-11 01:12:52	jaygreentree	http://localhost:81/about/beliefs/	Compile Error: 	require_once(): Failed opening required 'D:\MAMP\htdocs/site/thursdaychurch/includes/functions.inc' (include_path='.;C:\php\pear') (line 6 of D:\MAMP\htdocs\site\templates\includes\head.inc)
2019-12-11 01:12:52	jaygreentree	http://localhost:81/about/staff/	Compile Error: 	require_once(): Failed opening required 'D:\MAMP\htdocs/site/thursdaychurch/includes/functions.inc' (include_path='.;C:\php\pear') (line 6 of D:\MAMP\htdocs\site\templates\includes\head.inc)
2019-12-11 01:12:53	jaygreentree	http://localhost:81/about/	Compile Error: 	require_once(): Failed opening required 'D:\MAMP\htdocs/site/thursdaychurch/includes/functions.inc' (include_path='.;C:\php\pear') (line 6 of D:\MAMP\htdocs\site\templates\includes\head.inc)
2019-12-11 01:12:54	jaygreentree	http://localhost:81/	Compile Error: 	require_once(): Failed opening required 'D:\MAMP\htdocs/site/thursdaychurch/includes/functions.inc' (include_path='.;C:\php\pear') (line 6 of D:\MAMP\htdocs\site\templates\includes\head.inc)
2019-12-11 01:13:05	jaygreentree	http://localhost:81/	Compile Error: 	require_once(): Failed opening required 'D:\MAMP\htdocs/site/thursdaychurch/includes/functions.inc' (include_path='.;C:\php\pear') (line 6 of D:\MAMP\htdocs\site\templates\includes\head.inc)
2019-12-22 19:38:29	guest	http://localhost//live/	SQLSTATE[42000]: Syntax error or access violation: 1067 Invalid default value for 'created'
2019-12-22 19:38:29	guest	http://localhost//live/	SQLSTATE[42000]: Syntax error or access violation: 1067 Invalid default value for 'created'
2019-12-22 19:38:29	guest	http://localhost//live/	SQLSTATE[42000]: Syntax error or access violation: 1067 Invalid default value for 'created'
2019-12-22 19:38:29	guest	http://localhost//live/	SQLSTATE[42000]: Syntax error or access violation: 1067 Invalid default value for 'created'
2019-12-22 19:38:29	guest	http://localhost/?/	Error: 	Exception: SQLSTATE[42S22]: Column not found: 1054 Unknown column 'pages.name1541' in 'where clause' (in E:\MAMP\htdocs\wire\core\PageFinder.php line 298)
2019-12-22 19:39:05	guest	http://localhost//live/	SQLSTATE[42000]: Syntax error or access violation: 1067 Invalid default value for 'created' (LanguageSupportPageNames)
2019-12-22 19:39:05	guest	http://localhost//live/	SQLSTATE[42000]: Syntax error or access violation: 1067 Invalid default value for 'created' (LanguageSupportPageNames)
2019-12-22 19:39:05	guest	http://localhost//live/	SQLSTATE[42000]: Syntax error or access violation: 1067 Invalid default value for 'created' (LanguageSupportPageNames)
2019-12-22 19:39:05	guest	http://localhost//live/	SQLSTATE[42000]: Syntax error or access violation: 1067 Invalid default value for 'created' (LanguageSupportPageNames)
2019-12-22 19:39:05	guest	http://localhost/?/	Error: 	Exception: SQLSTATE[42S22]: Column not found: 1054 Unknown column 'pages.name1541' in 'where clause' (in E:\MAMP\htdocs\wire\core\PageFinder.php line 298)  #0 E:\MAMP\htdocs\wire\core\Wire.php(398): PageFinder->___find(Object(Selectors), Array) #1 E:\MAMP\htdocs\wire\core\Wire.php(333): Wire->runHooks('find', Array) #2 E:\MAMP\htdocs\wire\core\Pages.php(216): Wire->__call('find', Array) #3 E:\MAMP\htdocs\wire\core\Wire.php(398): Pages->___find('path=/live/, st...', Array) #4 E:\MAMP\htdocs\wire\core\Wire.php(333): Wire->runHooks('find', Array) #5 E:\MAMP\htdocs\wire\core\Pages.php(320): Wire->__call('find', Array) #6 E:\MAMP\htdocs\wire\core\Pages.php(335): Pages->findOne('path=/live/, st...') #7 E:\MAMP\htdocs\wire\modules\Process\ProcessPageView.module(285): Pages->get('path=/live/, st...') #8 E:\MAMP\htdocs\wire\modules\Process\ProcessPageView.module(137): ProcessPageView->getPage() #9 E:\MAMP\htdocs\wire\core\Wire.php(398): ProcessPageView->___execute(true) #10 E:\MAMP\htdocs\wire\core\Wire.php(333): Wire
2019-12-23 00:26:10	jaygreentree	http://localhost/	Error: 	Uncaught ArgumentCountError: Too few arguments to function WireCache::save(), 1 passed in E:\MAMP\htdocs\site\templates\home.php on line 163 and at least 2 expected in E:\MAMP\htdocs\wire\core\WireCache.php:294 Stack trace: #0 E:\MAMP\htdocs\site\templates\home.php(163): WireCache->save('<div class='sec...') #1 E:\MAMP\htdocs\wire\core\TemplateFile.php(182): require('E:\\MAMP\\htdocs\\...') #2 E:\MAMP\htdocs\wire\core\Wire.php(398): TemplateFile->___render() #3 E:\MAMP\htdocs\wire\core\Wire.php(333): Wire->runHooks('render', Array) #4 E:\MAMP\htdocs\wire\modules\PageRender.module(422): Wire->__call('render', Array) #5 E:\MAMP\htdocs\wire\core\Wire.php(398): PageRender->___renderPage(Object(HookEvent)) #6 E:\MAMP\htdocs\wire\core\Wire.php(333): Wire->runHooks('renderPage', Array) #7 E:\MAMP\htdocs\wire\core\Wire.php(459): Wire->__call('renderPage', Array) #8 E:\MAMP\htdocs\wire\core\Wire.php(333): Wire->runHooks('render', Array) #9 E:\MAMP\htdocs\wire\modules\Process\ProcessPageView.module(187): Wire->__call(' (line 294 of E:\MAMP\htdocs\wire\core\WireCache.php)
2019-12-30 01:12:08	jaygreentree	http://localhost:81/next-steps/baptism-membership/	Fatal Error: 	Uncaught Error: Call to undefined function wire() in E:\MAMP\htdocs\site\templates\includes\head.inc:3 Stack trace: #0 E:\MAMP\htdocs\site\templates\group-sections.php(3): include() #1 E:\MAMP\htdocs\wire\core\TemplateFile.php(287): require('E:\\MAMP\\htdocs\\...') #2 E:\MAMP\htdocs\wire\core\Wire.php(380): ProcessWire\TemplateFile->___render() #3 E:\MAMP\htdocs\wire\core\WireHooks.php(723): ProcessWire\Wire->_callMethod('___render', Array) #4 E:\MAMP\htdocs\wire\core\Wire.php(442): ProcessWire\WireHooks->runHooks(Object(ProcessWire\TemplateFile), 'render', Array) #5 E:\MAMP\htdocs\wire\modules\PageRender.module(514): ProcessWire\Wire->__call('render', Array) #6 E:\MAMP\htdocs\wire\core\Wire.php(383): ProcessWire\PageRender->___renderPage(Object(ProcessWire\HookEvent)) #7 E:\MAMP\htdocs\wire\core\WireHooks.php(723): ProcessWire\Wire->_callMethod('___renderPage', Array) #8 E:\MAMP\htdocs\wire\core\Wire.php(442): ProcessWire\WireHooks->runHooks(Object(ProcessWire\PageRender), 'renderPage', Array) #9 E:\MAMP\htd (line 3 of E:\MAMP\htdocs\site\templates\includes\head.inc)
2019-12-30 01:28:12	jaygreentree	http://localhost:81/next-steps/baptism-membership/	Fatal Error: 	Uncaught Error: Call to undefined function wire() in E:\MAMP\htdocs\site\templates\includes\head.inc:3 Stack trace: #0 E:\MAMP\htdocs\site\templates\group-sections.php(3): include() #1 E:\MAMP\htdocs\wire\core\TemplateFile.php(287): require('E:\\MAMP\\htdocs\\...') #2 E:\MAMP\htdocs\wire\core\Wire.php(380): ProcessWire\TemplateFile->___render() #3 E:\MAMP\htdocs\wire\core\WireHooks.php(723): ProcessWire\Wire->_callMethod('___render', Array) #4 E:\MAMP\htdocs\wire\core\Wire.php(442): ProcessWire\WireHooks->runHooks(Object(ProcessWire\TemplateFile), 'render', Array) #5 E:\MAMP\htdocs\wire\modules\PageRender.module(514): ProcessWire\Wire->__call('render', Array) #6 E:\MAMP\htdocs\wire\core\Wire.php(383): ProcessWire\PageRender->___renderPage(Object(ProcessWire\HookEvent)) #7 E:\MAMP\htdocs\wire\core\WireHooks.php(723): ProcessWire\Wire->_callMethod('___renderPage', Array) #8 E:\MAMP\htdocs\wire\core\Wire.php(442): ProcessWire\WireHooks->runHooks(Object(ProcessWire\PageRender), 'renderPage', Array) #9 E:\MAMP\htd (line 3 of E:\MAMP\htdocs\site\templates\includes\head.inc)
2019-12-30 01:30:04	jaygreentree	http://localhost:81/next-steps/baptism-membership/	Fatal Error: 	Uncaught Error: Call to undefined function wire() in E:\MAMP\htdocs\site\templates\includes\head.inc:3 Stack trace: #0 E:\MAMP\htdocs\site\templates\group-sections.php(3): include() #1 E:\MAMP\htdocs\wire\core\TemplateFile.php(287): require('E:\\MAMP\\htdocs\\...') #2 E:\MAMP\htdocs\wire\core\Wire.php(380): ProcessWire\TemplateFile->___render() #3 E:\MAMP\htdocs\wire\core\WireHooks.php(723): ProcessWire\Wire->_callMethod('___render', Array) #4 E:\MAMP\htdocs\wire\core\Wire.php(442): ProcessWire\WireHooks->runHooks(Object(ProcessWire\TemplateFile), 'render', Array) #5 E:\MAMP\htdocs\wire\modules\PageRender.module(514): ProcessWire\Wire->__call('render', Array) #6 E:\MAMP\htdocs\wire\core\Wire.php(383): ProcessWire\PageRender->___renderPage(Object(ProcessWire\HookEvent)) #7 E:\MAMP\htdocs\wire\core\WireHooks.php(723): ProcessWire\Wire->_callMethod('___renderPage', Array) #8 E:\MAMP\htdocs\wire\core\Wire.php(442): ProcessWire\WireHooks->runHooks(Object(ProcessWire\PageRender), 'renderPage', Array) #9 E:\MAMP\htd (line 3 of E:\MAMP\htdocs\site\templates\includes\head.inc)
2019-12-30 01:30:19	jaygreentree	http://localhost:81/next-steps/read-the-bible/	Fatal Error: 	Uncaught Error: Call to undefined function wire() in E:\MAMP\htdocs\site\templates\includes\head.inc:3 Stack trace: #0 E:\MAMP\htdocs\site\templates\group-sections.php(3): include() #1 E:\MAMP\htdocs\wire\core\TemplateFile.php(287): require('E:\\MAMP\\htdocs\\...') #2 E:\MAMP\htdocs\wire\core\Wire.php(380): ProcessWire\TemplateFile->___render() #3 E:\MAMP\htdocs\wire\core\WireHooks.php(723): ProcessWire\Wire->_callMethod('___render', Array) #4 E:\MAMP\htdocs\wire\core\Wire.php(442): ProcessWire\WireHooks->runHooks(Object(ProcessWire\TemplateFile), 'render', Array) #5 E:\MAMP\htdocs\wire\modules\PageRender.module(514): ProcessWire\Wire->__call('render', Array) #6 E:\MAMP\htdocs\wire\core\Wire.php(383): ProcessWire\PageRender->___renderPage(Object(ProcessWire\HookEvent)) #7 E:\MAMP\htdocs\wire\core\WireHooks.php(723): ProcessWire\Wire->_callMethod('___renderPage', Array) #8 E:\MAMP\htdocs\wire\core\Wire.php(442): ProcessWire\WireHooks->runHooks(Object(ProcessWire\PageRender), 'renderPage', Array) #9 E:\MAMP\htd (line 3 of E:\MAMP\htdocs\site\templates\includes\head.inc)
2020-01-09 11:38:43	jaygreentree	http://localhost:81/	Fatal Error: 	Uncaught Error: Call to a member function size() on bool in E:\MAMP\htdocs\site\assets\cache\FileCompiler\site\templates\home.php:298 Stack trace: #0 E:\MAMP\htdocs\wire\core\TemplateFile.php(287): require() #1 E:\MAMP\htdocs\wire\core\Wire.php(380): ProcessWire\TemplateFile->___render() #2 E:\MAMP\htdocs\wire\core\WireHooks.php(723): ProcessWire\Wire->_callMethod('___render', Array) #3 E:\MAMP\htdocs\wire\core\Wire.php(442): ProcessWire\WireHooks->runHooks(Object(ProcessWire\TemplateFile), 'render', Array) #4 E:\MAMP\htdocs\wire\modules\PageRender.module(514): ProcessWire\Wire->__call('render', Array) #5 E:\MAMP\htdocs\wire\core\Wire.php(383): ProcessWire\PageRender->___renderPage(Object(ProcessWire\HookEvent)) #6 E:\MAMP\htdocs\wire\core\WireHooks.php(723): ProcessWire\Wire->_callMethod('___renderPage', Array) #7 E:\MAMP\htdocs\wire\core\Wire.php(442): ProcessWire\WireHooks->runHooks(Object(ProcessWire\PageRender), 'renderPage', Array) #8 E:\MAMP\htdocs\wire\core\WireHooks.php(822): ProcessWire\Wire->__call (line 298 of E:\MAMP\htdocs\site\assets\cache\FileCompiler\site\templates\home.php)
2020-01-09 11:38:44	jaygreentree	http://localhost:81/	Fatal Error: 	Uncaught Error: Call to a member function size() on bool in E:\MAMP\htdocs\site\assets\cache\FileCompiler\site\templates\home.php:298 Stack trace: #0 E:\MAMP\htdocs\wire\core\TemplateFile.php(287): require() #1 E:\MAMP\htdocs\wire\core\Wire.php(380): ProcessWire\TemplateFile->___render() #2 E:\MAMP\htdocs\wire\core\WireHooks.php(723): ProcessWire\Wire->_callMethod('___render', Array) #3 E:\MAMP\htdocs\wire\core\Wire.php(442): ProcessWire\WireHooks->runHooks(Object(ProcessWire\TemplateFile), 'render', Array) #4 E:\MAMP\htdocs\wire\modules\PageRender.module(514): ProcessWire\Wire->__call('render', Array) #5 E:\MAMP\htdocs\wire\core\Wire.php(383): ProcessWire\PageRender->___renderPage(Object(ProcessWire\HookEvent)) #6 E:\MAMP\htdocs\wire\core\WireHooks.php(723): ProcessWire\Wire->_callMethod('___renderPage', Array) #7 E:\MAMP\htdocs\wire\core\Wire.php(442): ProcessWire\WireHooks->runHooks(Object(ProcessWire\PageRender), 'renderPage', Array) #8 E:\MAMP\htdocs\wire\core\WireHooks.php(822): ProcessWire\Wire->__call (line 298 of E:\MAMP\htdocs\site\assets\cache\FileCompiler\site\templates\home.php)
2020-01-09 11:39:28	jaygreentree	http://localhost:81/	Fatal Error: 	Uncaught Error: Call to a member function size() on bool in E:\MAMP\htdocs\site\assets\cache\FileCompiler\site\templates\home.php:298 Stack trace: #0 E:\MAMP\htdocs\wire\core\TemplateFile.php(287): require() #1 E:\MAMP\htdocs\wire\core\Wire.php(380): ProcessWire\TemplateFile->___render() #2 E:\MAMP\htdocs\wire\core\WireHooks.php(723): ProcessWire\Wire->_callMethod('___render', Array) #3 E:\MAMP\htdocs\wire\core\Wire.php(442): ProcessWire\WireHooks->runHooks(Object(ProcessWire\TemplateFile), 'render', Array) #4 E:\MAMP\htdocs\wire\modules\PageRender.module(514): ProcessWire\Wire->__call('render', Array) #5 E:\MAMP\htdocs\wire\core\Wire.php(383): ProcessWire\PageRender->___renderPage(Object(ProcessWire\HookEvent)) #6 E:\MAMP\htdocs\wire\core\WireHooks.php(723): ProcessWire\Wire->_callMethod('___renderPage', Array) #7 E:\MAMP\htdocs\wire\core\Wire.php(442): ProcessWire\WireHooks->runHooks(Object(ProcessWire\PageRender), 'renderPage', Array) #8 E:\MAMP\htdocs\wire\core\WireHooks.php(822): ProcessWire\Wire->__call (line 298 of E:\MAMP\htdocs\site\assets\cache\FileCompiler\site\templates\home.php)
2020-01-09 11:39:28	jaygreentree	http://localhost:81/	Fatal Error: 	Uncaught Error: Call to a member function size() on bool in E:\MAMP\htdocs\site\assets\cache\FileCompiler\site\templates\home.php:298 Stack trace: #0 E:\MAMP\htdocs\wire\core\TemplateFile.php(287): require() #1 E:\MAMP\htdocs\wire\core\Wire.php(380): ProcessWire\TemplateFile->___render() #2 E:\MAMP\htdocs\wire\core\WireHooks.php(723): ProcessWire\Wire->_callMethod('___render', Array) #3 E:\MAMP\htdocs\wire\core\Wire.php(442): ProcessWire\WireHooks->runHooks(Object(ProcessWire\TemplateFile), 'render', Array) #4 E:\MAMP\htdocs\wire\modules\PageRender.module(514): ProcessWire\Wire->__call('render', Array) #5 E:\MAMP\htdocs\wire\core\Wire.php(383): ProcessWire\PageRender->___renderPage(Object(ProcessWire\HookEvent)) #6 E:\MAMP\htdocs\wire\core\WireHooks.php(723): ProcessWire\Wire->_callMethod('___renderPage', Array) #7 E:\MAMP\htdocs\wire\core\Wire.php(442): ProcessWire\WireHooks->runHooks(Object(ProcessWire\PageRender), 'renderPage', Array) #8 E:\MAMP\htdocs\wire\core\WireHooks.php(822): ProcessWire\Wire->__call (line 298 of E:\MAMP\htdocs\site\assets\cache\FileCompiler\site\templates\home.php)
2020-01-09 11:40:03	jaygreentree	http://localhost:81/ministries/life-groups/girls-night-out/	Fatal Error: 	Uncaught Error: Call to a member function first() on null in E:\MAMP\htdocs\site\assets\cache\FileCompiler\site\templates\lifegroup.php:12 Stack trace: #0 E:\MAMP\htdocs\wire\core\TemplateFile.php(287): require() #1 E:\MAMP\htdocs\wire\core\Wire.php(380): ProcessWire\TemplateFile->___render() #2 E:\MAMP\htdocs\wire\core\WireHooks.php(723): ProcessWire\Wire->_callMethod('___render', Array) #3 E:\MAMP\htdocs\wire\core\Wire.php(442): ProcessWire\WireHooks->runHooks(Object(ProcessWire\TemplateFile), 'render', Array) #4 E:\MAMP\htdocs\wire\modules\PageRender.module(514): ProcessWire\Wire->__call('render', Array) #5 E:\MAMP\htdocs\wire\core\Wire.php(383): ProcessWire\PageRender->___renderPage(Object(ProcessWire\HookEvent)) #6 E:\MAMP\htdocs\wire\core\WireHooks.php(723): ProcessWire\Wire->_callMethod('___renderPage', Array) #7 E:\MAMP\htdocs\wire\core\Wire.php(442): ProcessWire\WireHooks->runHooks(Object(ProcessWire\PageRender), 'renderPage', Array) #8 E:\MAMP\htdocs\wire\core\WireHooks.php(822): ProcessWire\Wire->_ (line 12 of E:\MAMP\htdocs\site\assets\cache\FileCompiler\site\templates\lifegroup.php)
2020-01-09 11:43:54	jaygreentree	http://localhost:81/	Fatal Error: 	Uncaught Error: Call to a member function size() on bool in E:\MAMP\htdocs\site\assets\cache\FileCompiler\site\templates\home.php:298 Stack trace: #0 E:\MAMP\htdocs\wire\core\TemplateFile.php(287): require() #1 E:\MAMP\htdocs\wire\core\Wire.php(380): ProcessWire\TemplateFile->___render() #2 E:\MAMP\htdocs\wire\core\WireHooks.php(723): ProcessWire\Wire->_callMethod('___render', Array) #3 E:\MAMP\htdocs\wire\core\Wire.php(442): ProcessWire\WireHooks->runHooks(Object(ProcessWire\TemplateFile), 'render', Array) #4 E:\MAMP\htdocs\wire\modules\PageRender.module(514): ProcessWire\Wire->__call('render', Array) #5 E:\MAMP\htdocs\wire\core\Wire.php(383): ProcessWire\PageRender->___renderPage(Object(ProcessWire\HookEvent)) #6 E:\MAMP\htdocs\wire\core\WireHooks.php(723): ProcessWire\Wire->_callMethod('___renderPage', Array) #7 E:\MAMP\htdocs\wire\core\Wire.php(442): ProcessWire\WireHooks->runHooks(Object(ProcessWire\PageRender), 'renderPage', Array) #8 E:\MAMP\htdocs\wire\core\WireHooks.php(822): ProcessWire\Wire->__call (line 298 of E:\MAMP\htdocs\site\assets\cache\FileCompiler\site\templates\home.php)
2020-01-09 11:43:55	jaygreentree	http://localhost:81/	Fatal Error: 	Uncaught Error: Call to a member function size() on bool in E:\MAMP\htdocs\site\assets\cache\FileCompiler\site\templates\home.php:298 Stack trace: #0 E:\MAMP\htdocs\wire\core\TemplateFile.php(287): require() #1 E:\MAMP\htdocs\wire\core\Wire.php(380): ProcessWire\TemplateFile->___render() #2 E:\MAMP\htdocs\wire\core\WireHooks.php(723): ProcessWire\Wire->_callMethod('___render', Array) #3 E:\MAMP\htdocs\wire\core\Wire.php(442): ProcessWire\WireHooks->runHooks(Object(ProcessWire\TemplateFile), 'render', Array) #4 E:\MAMP\htdocs\wire\modules\PageRender.module(514): ProcessWire\Wire->__call('render', Array) #5 E:\MAMP\htdocs\wire\core\Wire.php(383): ProcessWire\PageRender->___renderPage(Object(ProcessWire\HookEvent)) #6 E:\MAMP\htdocs\wire\core\WireHooks.php(723): ProcessWire\Wire->_callMethod('___renderPage', Array) #7 E:\MAMP\htdocs\wire\core\Wire.php(442): ProcessWire\WireHooks->runHooks(Object(ProcessWire\PageRender), 'renderPage', Array) #8 E:\MAMP\htdocs\wire\core\WireHooks.php(822): ProcessWire\Wire->__call (line 298 of E:\MAMP\htdocs\site\assets\cache\FileCompiler\site\templates\home.php)
2020-01-09 15:30:46	?	http://localhost:81/admin	Error: 	Exception: SQLSTATE[HY000] [2002] No connection could be made because the target machine actively refused it.   (in E:\MAMP\htdocs\wire\core\ProcessWire.php line 382)
2020-01-09 15:30:49	?	http://localhost:81/favicon.ico	Error: 	Exception: SQLSTATE[HY000] [2002] No connection could be made because the target machine actively refused it.   (in E:\MAMP\htdocs\wire\core\ProcessWire.php line 382)
2020-01-09 15:30:54	?	http://localhost:81/admin	Error: 	Exception: SQLSTATE[HY000] [2002] No connection could be made because the target machine actively refused it.   (in E:\MAMP\htdocs\wire\core\ProcessWire.php line 382)
2020-01-09 15:30:56	?	http://localhost:81/favicon.ico	Error: 	Exception: SQLSTATE[HY000] [2002] No connection could be made because the target machine actively refused it.   (in E:\MAMP\htdocs\wire\core\ProcessWire.php line 382)
2020-01-09 15:31:03	?	http://localhost:81/	Error: 	Exception: SQLSTATE[HY000] [2002] No connection could be made because the target machine actively refused it.   (in E:\MAMP\htdocs\wire\core\ProcessWire.php line 382)
2020-01-09 15:31:05	?	http://localhost:81/favicon.ico	Error: 	Exception: SQLSTATE[HY000] [2002] No connection could be made because the target machine actively refused it.   (in E:\MAMP\htdocs\wire\core\ProcessWire.php line 382)
2020-01-10 16:18:12	jaygreentree	http://localhost:81/ministries/life-groups/healing-hearts-grief-recovery/	Fatal Error: 	Uncaught Error: Call to a member function first() on null in E:\MAMP\htdocs\site\assets\cache\FileCompiler\site\templates\lifegroup.php:12 Stack trace: #0 E:\MAMP\htdocs\wire\core\TemplateFile.php(287): require() #1 E:\MAMP\htdocs\wire\core\Wire.php(380): ProcessWire\TemplateFile->___render() #2 E:\MAMP\htdocs\wire\core\WireHooks.php(723): ProcessWire\Wire->_callMethod('___render', Array) #3 E:\MAMP\htdocs\wire\core\Wire.php(442): ProcessWire\WireHooks->runHooks(Object(ProcessWire\TemplateFile), 'render', Array) #4 E:\MAMP\htdocs\wire\modules\PageRender.module(514): ProcessWire\Wire->__call('render', Array) #5 E:\MAMP\htdocs\wire\core\Wire.php(383): ProcessWire\PageRender->___renderPage(Object(ProcessWire\HookEvent)) #6 E:\MAMP\htdocs\wire\core\WireHooks.php(723): ProcessWire\Wire->_callMethod('___renderPage', Array) #7 E:\MAMP\htdocs\wire\core\Wire.php(442): ProcessWire\WireHooks->runHooks(Object(ProcessWire\PageRender), 'renderPage', Array) #8 E:\MAMP\htdocs\wire\core\WireHooks.php(822): ProcessWire\Wire->_ (line 12 of E:\MAMP\htdocs\site\assets\cache\FileCompiler\site\templates\lifegroup.php)
